This is pdfTeX, Version 3.1415926-2.3-1.40.12 (MiKTeX 2.9) (preloaded format=pdflatex 2012.3.18)  30 MAR 2013 15:18
entering extended mode
**thesis.tex
("D:\Dropbox\Bjorn\Documents\GROEP T - MASTER\THESIS\Paper\thesis.tex"
LaTeX2e <2011/06/27>
Babel <v3.8m> and hyphenation patterns for english, afrikaans, ancientgreek, ar
abic, armenian, assamese, basque, bengali, bokmal, bulgarian, catalan, coptic, 
croatian, czech, danish, dutch, esperanto, estonian, farsi, finnish, french, ga
lician, german, german-x-2009-06-19, greek, gujarati, hindi, hungarian, iceland
ic, indonesian, interlingua, irish, italian, kannada, kurmanji, lao, latin, lat
vian, lithuanian, malayalam, marathi, mongolian, mongolianlmc, monogreek, ngerm
an, ngerman-x-2009-06-19, nynorsk, oriya, panjabi, pinyin, polish, portuguese, 
romanian, russian, sanskrit, serbian, slovak, slovenian, spanish, swedish, swis
sgerman, tamil, telugu, turkish, turkmen, ukenglish, ukrainian, uppersorbian, u
senglishmax, welsh, loaded.
("D:\Dropbox\Bjorn\Documents\GROEP T - MASTER\THESIS\Paper\Thesis.cls"
Document Class: Thesis 2007/22/02 v1.0 LaTeX document class
("C:\Program Files (x86)\MiKTeX 2.9\tex\latex\base\book.cls"
Document Class: book 2007/10/19 v1.4h Standard LaTeX document class
("C:\Program Files (x86)\MiKTeX 2.9\tex\latex\base\bk10.clo"
File: bk10.clo 2007/10/19 v1.4h Standard LaTeX file (size option)
)
\c@part=\count79
\c@chapter=\count80
\c@section=\count81
\c@subsection=\count82
\c@subsubsection=\count83
\c@paragraph=\count84
\c@subparagraph=\count85
\c@figure=\count86
\c@table=\count87
\abovecaptionskip=\skip41
\belowcaptionskip=\skip42
\bibindent=\dimen102
)
("C:\Program Files (x86)\MiKTeX 2.9\tex\latex\setspace\setspace.sty"
Package: setspace 2011/12/19 v6.7a set line spacing
)
("C:\Program Files (x86)\MiKTeX 2.9\tex\latex\ieeepes\vmargin.sty"
Package: vmargin 1999/06/01

Package `vmargin', V2.2, <1999/06/01>
\PaperWidth=\dimen103
\PaperHeight=\dimen104
) ("C:\Program Files (x86)\MiKTeX 2.9\tex\latex\fancyhdr\fancyhdr.sty"
\fancy@headwidth=\skip43
\f@ncyO@elh=\skip44
\f@ncyO@erh=\skip45
\f@ncyO@olh=\skip46
\f@ncyO@orh=\skip47
\f@ncyO@elf=\skip48
\f@ncyO@erf=\skip49
\f@ncyO@olf=\skip50
\f@ncyO@orf=\skip51
)
("C:\Program Files (x86)\MiKTeX 2.9\tex\latex\ams\math\amsmath.sty"
Package: amsmath 2000/07/18 v2.13 AMS math features
\@mathmargin=\skip52

For additional information on amsmath, use the `?' option.
("C:\Program Files (x86)\MiKTeX 2.9\tex\latex\ams\math\amstext.sty"
Package: amstext 2000/06/29 v2.01

("C:\Program Files (x86)\MiKTeX 2.9\tex\latex\ams\math\amsgen.sty"
File: amsgen.sty 1999/11/30 v2.0
\@emptytoks=\toks14
\ex@=\dimen105
))
("C:\Program Files (x86)\MiKTeX 2.9\tex\latex\ams\math\amsbsy.sty"
Package: amsbsy 1999/11/29 v1.2d
\pmbraise@=\dimen106
)
("C:\Program Files (x86)\MiKTeX 2.9\tex\latex\ams\math\amsopn.sty"
Package: amsopn 1999/12/14 v2.01 operator names
)
\inf@bad=\count88
LaTeX Info: Redefining \frac on input line 211.
\uproot@=\count89
\leftroot@=\count90
LaTeX Info: Redefining \overline on input line 307.
\classnum@=\count91
\DOTSCASE@=\count92
LaTeX Info: Redefining \ldots on input line 379.
LaTeX Info: Redefining \dots on input line 382.
LaTeX Info: Redefining \cdots on input line 467.
\Mathstrutbox@=\box26
\strutbox@=\box27
\big@size=\dimen107
LaTeX Font Info:    Redeclaring font encoding OML on input line 567.
LaTeX Font Info:    Redeclaring font encoding OMS on input line 568.
\macc@depth=\count93
\c@MaxMatrixCols=\count94
\dotsspace@=\muskip10
\c@parentequation=\count95
\dspbrk@lvl=\count96
\tag@help=\toks15
\row@=\count97
\column@=\count98
\maxfields@=\count99
\andhelp@=\toks16
\eqnshift@=\dimen108
\alignsep@=\dimen109
\tagshift@=\dimen110
\tagwidth@=\dimen111
\totwidth@=\dimen112
\lineht@=\dimen113
\@envbody=\toks17
\multlinegap=\skip53
\multlinetaggap=\skip54
\mathdisplay@stack=\toks18
LaTeX Info: Redefining \[ on input line 2666.
LaTeX Info: Redefining \] on input line 2667.
)
("C:\Program Files (x86)\MiKTeX 2.9\tex\latex\amsfonts\amsfonts.sty"
Package: amsfonts 2009/06/22 v3.00 Basic AMSFonts support
\symAMSa=\mathgroup4
\symAMSb=\mathgroup5
LaTeX Font Info:    Overwriting math alphabet `\mathfrak' in version `bold'
(Font)                  U/euf/m/n --> U/euf/b/n on input line 96.
)
("C:\Program Files (x86)\MiKTeX 2.9\tex\latex\amsfonts\amssymb.sty"
Package: amssymb 2009/06/22 v3.00
)
("C:\Program Files (x86)\MiKTeX 2.9\tex\latex\ams\math\amscd.sty"
Package: amscd 1999/11/29 v2.0
\athelp@=\toks19
\minaw@=\dimen114
\bigaw@=\dimen115
\minCDarrowwidth=\dimen116
)
("C:\Program Files (x86)\MiKTeX 2.9\tex\latex\ams\classes\amsthm.sty"
Package: amsthm 2004/08/06 v2.20
\thm@style=\toks20
\thm@bodyfont=\toks21
\thm@headfont=\toks22
\thm@notefont=\toks23
\thm@headpunct=\toks24
\thm@preskip=\skip55
\thm@postskip=\skip56
\thm@headsep=\skip57
\dth@everypar=\toks25
)
("C:\Program Files (x86)\MiKTeX 2.9\tex\latex\tools\xspace.sty"
Package: xspace 2009/10/20 v1.13 Space after command names (DPC,MH)
)
\c@example=\count100
\c@theorem=\count101

("C:\Program Files (x86)\MiKTeX 2.9\tex\latex\caption\caption.sty"
Package: caption 2011/11/10 v3.2e Customizing captions (AR)

("C:\Program Files (x86)\MiKTeX 2.9\tex\latex\caption\caption3.sty"
Package: caption3 2011/11/01 v1.4a caption3 kernel (AR)

("C:\Program Files (x86)\MiKTeX 2.9\tex\latex\graphics\keyval.sty"
Package: keyval 1999/03/16 v1.13 key=value parser (DPC)
\KV@toks@=\toks26
)
\captionmargin=\dimen117
\captionmargin@=\dimen118
\captionwidth=\dimen119
\caption@indent=\dimen120
\caption@parindent=\dimen121
\caption@hangindent=\dimen122
)
\c@ContinuedFloat=\count102
)
("C:\Program Files (x86)\MiKTeX 2.9\tex\latex\graphics\graphicx.sty"
Package: graphicx 1999/02/16 v1.0f Enhanced LaTeX Graphics (DPC,SPQR)

("C:\Program Files (x86)\MiKTeX 2.9\tex\latex\graphics\graphics.sty"
Package: graphics 2009/02/05 v1.0o Standard LaTeX Graphics (DPC,SPQR)

("C:\Program Files (x86)\MiKTeX 2.9\tex\latex\graphics\trig.sty"
Package: trig 1999/03/16 v1.09 sin cos tan (DPC)
)
("C:\Program Files (x86)\MiKTeX 2.9\tex\latex\00miktex\graphics.cfg"
File: graphics.cfg 2007/01/18 v1.5 graphics configuration of teTeX/TeXLive
)
Package graphics Info: Driver file: pdftex.def on input line 91.

("C:\Program Files (x86)\MiKTeX 2.9\tex\latex\pdftex-def\pdftex.def"
File: pdftex.def 2011/05/27 v0.06d Graphics/color for pdfTeX

("C:\Program Files (x86)\MiKTeX 2.9\tex\generic\oberdiek\infwarerr.sty"
Package: infwarerr 2010/04/08 v1.3 Providing info/warning/message (HO)
)
("C:\Program Files (x86)\MiKTeX 2.9\tex\generic\oberdiek\ltxcmds.sty"
Package: ltxcmds 2011/04/18 v1.20 LaTeX kernel commands for general use (HO)
)
\Gread@gobject=\count103
))
\Gin@req@height=\dimen123
\Gin@req@width=\dimen124
)
("C:\Program Files (x86)\MiKTeX 2.9\tex\latex\oberdiek\epstopdf.sty"
Package: epstopdf 2010/02/09 v2.5 Conversion with epstopdf on the fly (HO)

("C:\Program Files (x86)\MiKTeX 2.9\tex\latex\oberdiek\epstopdf-base.sty"
Package: epstopdf-base 2010/02/09 v2.5 Base part for package epstopdf

("C:\Program Files (x86)\MiKTeX 2.9\tex\latex\oberdiek\grfext.sty"
Package: grfext 2010/08/19 v1.1 Managing graphics extensions (HO)

("C:\Program Files (x86)\MiKTeX 2.9\tex\generic\oberdiek\kvdefinekeys.sty"
Package: kvdefinekeys 2011/04/07 v1.3 Defining keys (HO)
))
("C:\Program Files (x86)\MiKTeX 2.9\tex\latex\oberdiek\kvoptions.sty"
Package: kvoptions 2010/12/23 v3.10 Keyval support for LaTeX options (HO)

("C:\Program Files (x86)\MiKTeX 2.9\tex\generic\oberdiek\kvsetkeys.sty"
Package: kvsetkeys 2011/04/07 v1.13 Key value parser (HO)

("C:\Program Files (x86)\MiKTeX 2.9\tex\generic\oberdiek\etexcmds.sty"
Package: etexcmds 2011/02/16 v1.5 Prefix for e-TeX command names (HO)

("C:\Program Files (x86)\MiKTeX 2.9\tex\generic\oberdiek\ifluatex.sty"
Package: ifluatex 2010/03/01 v1.3 Provides the ifluatex switch (HO)
Package ifluatex Info: LuaTeX not detected.
)
Package etexcmds Info: Could not find \expanded.
(etexcmds)             That can mean that you are not using pdfTeX 1.50 or
(etexcmds)             that some package has redefined \expanded.
(etexcmds)             In the latter case, load this package earlier.
)))
("C:\Program Files (x86)\MiKTeX 2.9\tex\generic\oberdiek\pdftexcmds.sty"
Package: pdftexcmds 2011/04/22 v0.16 Utilities of pdfTeX for LuaTeX (HO)

("C:\Program Files (x86)\MiKTeX 2.9\tex\generic\oberdiek\ifpdf.sty"
Package: ifpdf 2011/01/30 v2.3 Provides the ifpdf switch (HO)
Package ifpdf Info: pdfTeX in PDF mode is detected.
)
Package pdftexcmds Info: LuaTeX not detected.
Package pdftexcmds Info: \pdf@primitive is available.
Package pdftexcmds Info: \pdf@ifprimitive is available.
Package pdftexcmds Info: \pdfdraftmode found.
)
Package grfext Info: Graphics extension search list:
(grfext)             [.png,.pdf,.jpg,.mps,.jpeg,.jbig2,.jb2,.PNG,.PDF,.JPG,.JPE
G,.JBIG2,.JB2,.eps]
(grfext)             \AppendGraphicsExtensions on input line 452.
))
("C:\Program Files (x86)\MiKTeX 2.9\tex\latex\subfigure\subfigure.sty"
Package: subfigure 2002/07/30 v2.1.4 subfigure package
\subfigtopskip=\skip58
\subfigcapskip=\skip59
\subfigcaptopadj=\dimen125
\subfigbottomskip=\skip60
\subfigcapmargin=\dimen126
\subfiglabelskip=\skip61
\c@subfigure=\count104
\c@lofdepth=\count105
\c@subtable=\count106
\c@lotdepth=\count107

****************************************
* Local config file subfigure.cfg used *
****************************************
("C:\Program Files (x86)\MiKTeX 2.9\tex\latex\subfigure\subfigure.cfg")
\subfig@top=\skip62
\subfig@bottom=\skip63
)
("C:\Program Files (x86)\MiKTeX 2.9\tex\latex\booktabs\booktabs.sty"
Package: booktabs 2005/04/14 v1.61803 publication quality tables
\heavyrulewidth=\dimen127
\lightrulewidth=\dimen128
\cmidrulewidth=\dimen129
\belowrulesep=\dimen130
\belowbottomsep=\dimen131
\aboverulesep=\dimen132
\abovetopsep=\dimen133
\cmidrulesep=\dimen134
\cmidrulekern=\dimen135
\defaultaddspace=\dimen136
\@cmidla=\count108
\@cmidlb=\count109
\@aboverulesep=\dimen137
\@belowrulesep=\dimen138
\@thisruleclass=\count110
\@lastruleclass=\count111
\@thisrulewidth=\dimen139
)
("C:\Program Files (x86)\MiKTeX 2.9\tex\latex\rotating\rotating.sty"
Package: rotating 2009/03/28 v2.16a rotated objects in LaTeX

("C:\Program Files (x86)\MiKTeX 2.9\tex\latex\base\ifthen.sty"
Package: ifthen 2001/05/26 v1.1c Standard LaTeX ifthen package (DPC)
)
\c@r@tfl@t=\count112
\rotFPtop=\skip64
\rotFPbot=\skip65
\rot@float@box=\box28
\rot@mess@toks=\toks27
)
("C:\Program Files (x86)\MiKTeX 2.9\tex\latex\listings\listings.sty"
\lst@mode=\count113
\lst@gtempboxa=\box29
\lst@token=\toks28
\lst@length=\count114
\lst@currlwidth=\dimen140
\lst@column=\count115
\lst@pos=\count116
\lst@lostspace=\dimen141
\lst@width=\dimen142
\lst@newlines=\count117
\lst@lineno=\count118
\lst@maxwidth=\dimen143

("D:\Dropbox\Bjorn\Documents\GROEP T - MASTER\THESIS\Paper\lstpatch.sty"

***
*** This is a patch for listings 1.3, but you're using
*** version 1.4.
***
*** Patch file not loaded.
***

) ("C:\Program Files (x86)\MiKTeX 2.9\tex\latex\listings\lstmisc.sty"
File: lstmisc.sty 2007/02/22 1.4 (Carsten Heinz)
\c@lstnumber=\count119
\lst@skipnumbers=\count120
\lst@framebox=\box30
)
("C:\Program Files (x86)\MiKTeX 2.9\tex\latex\listings\listings.cfg"
File: listings.cfg 2007/02/22 1.4 listings configuration
))
Package: listings 2007/02/22 1.4 (Carsten Heinz)

("D:\Dropbox\Bjorn\Documents\GROEP T - MASTER\THESIS\Paper\lstpatch.sty"

***
*** This is a patch for listings 1.3, but you're using
*** version 1.4.
***
 *** Patch file not loaded.
***

) ("C:\Program Files (x86)\MiKTeX 2.9\tex\latex\hyperref\hyperref.sty"
Package: hyperref 2012/02/06 v6.82o Hypertext links for LaTeX

("C:\Program Files (x86)\MiKTeX 2.9\tex\generic\oberdiek\hobsub-hyperref.sty"
Package: hobsub-hyperref 2011/04/23 v1.4 Bundle oberdiek, subset hyperref (HO)

("C:\Program Files (x86)\MiKTeX 2.9\tex\generic\oberdiek\hobsub-generic.sty"
Package: hobsub-generic 2011/04/23 v1.4 Bundle oberdiek, subset generic (HO)
Package: hobsub 2011/04/23 v1.4 Subsetting bundle oberdiek (HO)
Package hobsub Info: Skipping package `infwarerr' (already loaded).
Package hobsub Info: Skipping package `ltxcmds' (already loaded).
Package hobsub Info: Skipping package `ifluatex' (already loaded).
Package: ifvtex 2010/03/01 v1.5 Switches for detecting VTeX and its modes (HO)
Package ifvtex Info: VTeX not detected.
Package: intcalc 2007/09/27 v1.1 Expandable integer calculations (HO)
Package hobsub Info: Skipping package `ifpdf' (already loaded).
Package hobsub Info: Skipping package `etexcmds' (already loaded).
Package hobsub Info: Skipping package `kvsetkeys' (already loaded).
Package hobsub Info: Skipping package `kvdefinekeys' (already loaded).
Package hobsub Info: Skipping package `pdftexcmds' (already loaded).
Package: pdfescape 2011/04/04 v1.12 Provides string conversions (HO)
Package: bigintcalc 2011/01/30 v1.2 Expandable big integer calculations (HO)
Package: bitset 2011/01/30 v1.1 Data type bit set (HO)
Package: uniquecounter 2011/01/30 v1.2 Provides unlimited unique counter (HO)
)
Package hobsub Info: Skipping package `hobsub' (already loaded).
Package: letltxmacro 2010/09/02 v1.4 Let assignment for LaTeX macros (HO)
Package: hopatch 2011/01/30 v1.0 Wrapper for package hooks (HO)
Package: xcolor-patch 2011/01/30 xcolor patch
Package: atveryend 2011/04/23 v1.7 Hooks at very end of document (HO)
Package: atbegshi 2011/01/30 v1.15 At begin shipout hook (HO)
Package: refcount 2010/12/01 v3.2 Data extraction from references (HO)
Package: hycolor 2011/01/30 v1.7 Color options of hyperref/bookmark (HO)
)
("C:\Program Files (x86)\MiKTeX 2.9\tex\generic\ifxetex\ifxetex.sty"
Package: ifxetex 2010/09/12 v0.6 Provides ifxetex conditional
)
\@linkdim=\dimen144
\Hy@linkcounter=\count121
\Hy@pagecounter=\count122

("C:\Program Files (x86)\MiKTeX 2.9\tex\latex\hyperref\pd1enc.def"
File: pd1enc.def 2012/02/06 v6.82o Hyperref: PDFDocEncoding definition (HO)
)
\Hy@SavedSpaceFactor=\count123

("C:\Program Files (x86)\MiKTeX 2.9\tex\latex\00miktex\hyperref.cfg"
File: hyperref.cfg 2002/06/06 v1.2 hyperref configuration of TeXLive
)
Package hyperref Info: Option `bookmarks' set `true' on input line 3925.
Package hyperref Info: Option `bookmarksopen' set `true' on input line 3925.
Package hyperref Info: Option `bookmarksnumbered' set `true' on input line 3925
.
Package hyperref Info: Option `hypertexnames' set `false' on input line 3925.
Package hyperref Info: Option `colorlinks' set `true' on input line 3925.
Package hyperref Info: Option `unicode' set `true' on input line 3925.

("C:\Program Files (x86)\MiKTeX 2.9\tex\latex\hyperref\puenc.def"
File: puenc.def 2012/02/06 v6.82o Hyperref: PDF Unicode definition (HO)
)
Package hyperref Info: Option `breaklinks' set `true' on input line 3925.
Package hyperref Info: Hyper figures OFF on input line 4046.
Package hyperref Info: Link nesting OFF on input line 4051.
Package hyperref Info: Hyper index ON on input line 4054.
Package hyperref Info: Plain pages OFF on input line 4061.
Package hyperref Info: Backreferencing OFF on input line 4066.
Package hyperref Info: Implicit mode ON; LaTeX internals redefined.
Package hyperref Info: Bookmarks ON on input line 4284.
\c@Hy@tempcnt=\count124

("C:\Program Files (x86)\MiKTeX 2.9\tex\latex\ltxmisc\url.sty"
\Urlmuskip=\muskip11
Package: url 2006/04/12  ver 3.3  Verb mode for urls, etc.
)
LaTeX Info: Redefining \url on input line 4637.
\Fld@menulength=\count125
\Field@Width=\dimen145
\Fld@charsize=\dimen146
Package hyperref Info: Hyper figures OFF on input line 5757.
Package hyperref Info: Link nesting OFF on input line 5762.
Package hyperref Info: Hyper index ON on input line 5765.
Package hyperref Info: backreferencing OFF on input line 5772.
Package hyperref Info: Link coloring ON on input line 5775.
Package hyperref Info: Link coloring with OCG OFF on input line 5782.
Package hyperref Info: PDF/A mode OFF on input line 5787.
LaTeX Info: Redefining \ref on input line 5827.
LaTeX Info: Redefining \pageref on input line 5831.
\Hy@abspage=\count126
\c@Item=\count127
\c@Hfootnote=\count128
)

Package hyperref Message: Driver (autodetected): hpdftex.

("C:\Program Files (x86)\MiKTeX 2.9\tex\latex\hyperref\hpdftex.def"
File: hpdftex.def 2012/02/06 v6.82o Hyperref driver for pdfTeX
\Fld@listcount=\count129
\c@bookmark@seq@number=\count130

("C:\Program Files (x86)\MiKTeX 2.9\tex\latex\oberdiek\rerunfilecheck.sty"
Package: rerunfilecheck 2011/04/15 v1.7 Rerun checks for auxiliary files (HO)
Package uniquecounter Info: New unique counter `rerunfilecheck' on input line 2
82.
)
\Hy@SectionHShift=\skip66
)
\c@dummy=\count131

("C:\Program Files (x86)\MiKTeX 2.9\tex\latex\tools\longtable.sty"
Package: longtable 2004/02/01 v4.11 Multi-page Table package (DPC)
\LTleft=\skip67
\LTright=\skip68
\LTpre=\skip69
\LTpost=\skip70
\LTchunksize=\count132
\LTcapwidth=\dimen147
\LT@head=\box31
\LT@firsthead=\box32
\LT@foot=\box33
\LT@lastfoot=\box34
\LT@cols=\count133
\LT@rows=\count134
\c@LT@tables=\count135
\c@LT@chunks=\count136
\LT@p@ftn=\toks29
))
("C:\Program Files (x86)\MiKTeX 2.9\tex\latex\stmaryrd\stmaryrd.sty"
Package: stmaryrd 1994/03/03 St Mary's Road symbol package
\symstmry=\mathgroup6
LaTeX Font Info:    Overwriting symbol font `stmry' in version `bold'
(Font)                  U/stmry/m/n --> U/stmry/b/n on input line 89.
)
("C:\Program Files (x86)\MiKTeX 2.9\tex\latex\graphics\epsfig.sty"
Package: epsfig 1999/02/16 v1.7a (e)psfig emulation (SPQR)
\epsfxsize=\dimen148
\epsfysize=\dimen149
)
("C:\Program Files (x86)\MiKTeX 2.9\tex\latex\base\alltt.sty"
Package: alltt 1997/06/16 v2.0g defines alltt environment
)
("C:\Program Files (x86)\MiKTeX 2.9\tex\latex\hyperref\xr-hyper.sty"
Package: xr-hyper 2000/03/22 v6.00beta4 eXternal References (DPC)


Package xr-hyper Warning: Load package `hyperref' after `xr-hyper'.

) ("C:\Program Files (x86)\MiKTeX 2.9\tex\latex\float\float.sty"
Package: float 2001/11/08 v1.3d Float enhancements (AL)
\c@float@type=\count137
\float@exts=\toks30
\float@box=\box35
\@float@everytoks=\toks31
\@floatcapt=\box36
)
("C:\Program Files (x86)\MiKTeX 2.9\tex\latex\tools\array.sty"
Package: array 2008/09/09 v2.4c Tabular extension package (FMi)
\col@sep=\dimen150
\extrarowheight=\dimen151
\NC@list=\toks32
\extratabsurround=\skip71
\backup@length=\skip72
)
Package hyperref Info: Option `colorlinks' set `true' on input line 18.

("D:\Dropbox\Bjorn\Documents\GROEP T - MASTER\THESIS\Paper\thesis.aux"

LaTeX Warning: Label `fig:bessel0' multiply defined.

)
LaTeX Font Info:    Checking defaults for OML/cmm/m/it on input line 21.
LaTeX Font Info:    ... okay on input line 21.
LaTeX Font Info:    Checking defaults for T1/cmr/m/n on input line 21.
LaTeX Font Info:    ... okay on input line 21.
LaTeX Font Info:    Checking defaults for OT1/cmr/m/n on input line 21.
LaTeX Font Info:    ... okay on input line 21.
LaTeX Font Info:    Checking defaults for OMS/cmsy/m/n on input line 21.
LaTeX Font Info:    ... okay on input line 21.
LaTeX Font Info:    Checking defaults for OMX/cmex/m/n on input line 21.
LaTeX Font Info:    ... okay on input line 21.
LaTeX Font Info:    Checking defaults for U/cmr/m/n on input line 21.
LaTeX Font Info:    ... okay on input line 21.
LaTeX Font Info:    Checking defaults for PD1/pdf/m/n on input line 21.
LaTeX Font Info:    ... okay on input line 21.
LaTeX Font Info:    Checking defaults for PU/pdf/m/n on input line 21.
LaTeX Font Info:    ... okay on input line 21.
Package caption Info: Begin \AtBeginDocument code.
Package caption Info: float package is loaded.
Package caption Info: hyperref package is loaded.
Package caption Info: listings package is loaded.
Package caption Info: longtable package is loaded.
 ("C:\Program Files (x86)\MiKTeX 2.9\tex\latex\caption\ltcaption.sty"
Package: ltcaption 2011/09/12 v1.3 longtable captions (AR)
)
Package caption Info: rotating package is loaded.
Package caption Info: subfigure package is loaded.
Package caption Info: End \AtBeginDocument code.

("C:\Program Files (x86)\MiKTeX 2.9\tex\context\base\supp-pdf.mkii"
[Loading MPS to PDF converter (version 2006.09.02).]
\scratchcounter=\count138
\scratchdimen=\dimen152
\scratchbox=\box37
\nofMPsegments=\count139
\nofMParguments=\count140
\everyMPshowfont=\toks33
\MPscratchCnt=\count141
\MPscratchDim=\dimen153
\MPnumerator=\count142
\makeMPintoPDFobject=\count143
\everyMPtoPDFconversion=\toks34
)
\c@lstlisting=\count144
\AtBeginShipoutBox=\box38
 ("C:\Program Files (x86)\MiKTeX 2.9\tex\latex\graphics\color.sty"
Package: color 2005/11/14 v1.0j Standard LaTeX Color (DPC)

("C:\Program Files (x86)\MiKTeX 2.9\tex\latex\00miktex\color.cfg"
File: color.cfg 2007/01/18 v1.5 color configuration of teTeX/TeXLive
)
Package color Info: Driver file: pdftex.def on input line 130.
)
Package hyperref Info: Link coloring ON on input line 21.

("C:\Program Files (x86)\MiKTeX 2.9\tex\latex\hyperref\nameref.sty"
Package: nameref 2010/04/30 v2.40 Cross-referencing by name of section

("C:\Program Files (x86)\MiKTeX 2.9\tex\generic\oberdiek\gettitlestring.sty"
Package: gettitlestring 2010/12/03 v1.4 Cleanup title references (HO)
)
\c@section@level=\count145
)
LaTeX Info: Redefining \ref on input line 21.
LaTeX Info: Redefining \pageref on input line 21.
LaTeX Info: Redefining \nameref on input line 21.

("D:\Dropbox\Bjorn\Documents\GROEP T - MASTER\THESIS\Paper\thesis.out")
("D:\Dropbox\Bjorn\Documents\GROEP T - MASTER\THESIS\Paper\thesis.out")
\@outlinefile=\write3

<./Pictures/Logo.jpg, id=94, 311.4837pt x 95.1555pt>
File: ./Pictures/Logo.jpg Graphic file (type jpg)
 <use ./Pictures/Logo.jpg>
Package pdftex.def Info: ./Pictures/Logo.jpg used on input line 39.
(pdftex.def)             Requested size: 311.48294pt x 95.15524pt.

<./Pictures/waspmote.png, id=96, 671.50874pt x 746.79pt>
File: ./Pictures/waspmote.png Graphic file (type png)

<use ./Pictures/waspmote.png>
Package pdftex.def Info: ./Pictures/waspmote.png used on input line 49.
(pdftex.def)             Requested size: 153.5011pt x 170.71652pt.
LaTeX Font Info:    Try loading font information for U+msa on input line 56.

("C:\Program Files (x86)\MiKTeX 2.9\tex\latex\amsfonts\umsa.fd"
File: umsa.fd 2009/06/22 v3.00 AMS symbols A
)
LaTeX Font Info:    Try loading font information for U+msb on input line 56.

("C:\Program Files (x86)\MiKTeX 2.9\tex\latex\amsfonts\umsb.fd"
File: umsb.fd 2009/06/22 v3.00 AMS symbols B
)
LaTeX Font Info:    Try loading font information for U+stmry on input line 56.

("C:\Program Files (x86)\MiKTeX 2.9\tex\latex\stmaryrd\ustmry.fd") [1



{C:/ProgramData/MiKTeX/2.9/pdftex/config/pdftex.map} <D:/Dropbox/Bjorn/Document
s/GROEP T - MASTER/THESIS/Paper/Pictures/Logo.jpg> <D:/Dropbox/Bjorn/Documents/
GROEP T - MASTER/THESIS/Paper/Pictures/waspmote.png>] [1]
------------------------------------------------------------------------------
 Abstract Page
------------------------------------------------------------------------------

LaTeX Warning: Reference `Chapter5' on page ii undefined on input line 119.


LaTeX Warning: Reference `Chapter6' on page ii undefined on input line 119.


LaTeX Warning: Reference `Chapter6' on page ii undefined on input line 119.


LaTeX Warning: Reference `Chapter7' on page ii undefined on input line 119.


LaTeX Warning: Reference `Chapter8' on page ii undefined on input line 119.


Underfull \hbox (badness 10000) in paragraph at lines 119--121

 []


Underfull \hbox (badness 10000) in paragraph at lines 119--121

 []


Underfull \hbox (badness 10000) in paragraph at lines 119--121

 []


Underfull \hbox (badness 10000) in paragraph at lines 119--121

 []

[2

]
------------------------------------------------------------------------------
 Table of Contents
------------------------------------------------------------------------------
("D:\Dropbox\Bjorn\Documents\GROEP T - MASTER\THESIS\Paper\thesis.toc")
\tf@toc=\write4

[3


]
------------------------------------------------------------------------------
 List of Figures
------------------------------------------------------------------------------
("D:\Dropbox\Bjorn\Documents\GROEP T - MASTER\THESIS\Paper\thesis.lof")
\tf@lof=\write5

[4


]
------------------------------------------------------------------------------
 Abbreviations
------------------------------------------------------------------------------
[5



]
("D:\Dropbox\Bjorn\Documents\GROEP T - MASTER\THESIS\Paper\Chapters\Chapter1.te
x"
Chapter 1.
------------------------------------------------------------------------------
 1 Sound nomenclature
------------------------------------------------------------------------------
[1



] <./Pictures/staff.jpg, id=213, 384.43625pt x 286.06876pt>
File: ./Pictures/staff.jpg Graphic file (type jpg)

<use ./Pictures/staff.jpg>
Package pdftex.def Info: ./Pictures/staff.jpg used on input line 33.
(pdftex.def)             Requested size: 191.18523pt x 142.26378pt.

<./Pictures/spectral.jpg, id=214, 543.02875pt x 287.0725pt>
File: ./Pictures/spectral.jpg Graphic file (type jpg)

<use ./Pictures/spectral.jpg>
Package pdftex.def Info: ./Pictures/spectral.jpg used on input line 48.
(pdftex.def)             Requested size: 269.11078pt x 142.26378pt.
 [2 <D:/Dropbox/Bjorn/Documents/GROEP T - MASTER/THESIS/Paper/Pictures/staff.jp
g>]
<./Pictures//fourier.jpg, id=223, 91.542pt x 112.0185pt>
File: ./Pictures//fourier.jpg Graphic file (type jpg)

<use ./Pictures//fourier.jpg>
Package pdftex.def Info: ./Pictures//fourier.jpg used on input line 61.
(pdftex.def)             Requested size: 86.72377pt x 106.12466pt.
)
("D:\Dropbox\Bjorn\Documents\GROEP T - MASTER\THESIS\Paper\Chapters\Chapter2.te
x" [3 <D:/Dropbox/Bjorn/Documents/GROEP T - MASTER/THESIS/Paper/Pictures/spectr
al.jpg> <D:/Dropbox/Bjorn/Documents/GROEP T - MASTER/THESIS/Paper/Pictures/four
ier.jpg>]
Chapter 2.
------------------------------------------------------------------------------
 2 Frequency modulation
------------------------------------------------------------------------------

LaTeX Warning: Reference `Chapter5' on page 4 undefined on input line 10.

<./Pictures/additive.jpg, id=229, 599.23875pt x 807.015pt>
File: ./Pictures/additive.jpg Graphic file (type jpg)

<use ./Pictures/additive.jpg>
Package pdftex.def Info: ./Pictures/additive.jpg used on input line 19.
(pdftex.def)             Requested size: 131.83293pt x 177.54384pt.

<./Pictures/basicWaveforms.png, id=230, 562.1pt x 421.575pt>
File: ./Pictures/basicWaveforms.png Graphic file (type png)

<use ./Pictures/basicWaveforms.png>
Package pdftex.def Info: ./Pictures/basicWaveforms.png used on input line 27.
(pdftex.def)             Requested size: 185.49358pt x 139.12018pt.
 [4

 <D:/Dropbox/Bjorn/Documents/GROEP T - MASTER/THESIS/Paper/Pictures/additive.jp
g> <D:/Dropbox/Bjorn/Documents/GROEP T - MASTER/THESIS/Paper/Pictures/basicWave
forms.png>]
Underfull \hbox (badness 10000) in paragraph at lines 38--40

 []

<./Pictures/waves.png, id=239, 881.2925pt x 173.64874pt>
File: ./Pictures/waves.png Graphic file (type png)

<use ./Pictures/waves.png>
Package pdftex.def Info: ./Pictures/waves.png used on input line 68.
(pdftex.def)             Requested size: 433.22218pt x 85.35826pt.

Overfull \hbox (15.74911pt too wide) in paragraph at lines 68--70
 [][] 
 []

<./Pictures/freqSquare.png, id=246, 562.2606pt x 421.8159pt>
File: ./Pictures/freqSquare.png Graphic file (type png)

<use ./Pictures/freqSquare.png>
Package pdftex.def Info: ./Pictures/freqSquare.png used on input line 78.
(pdftex.def)             Requested size: 168.67947pt x 126.54575pt.

<./Pictures/freqTriangle.png, id=248, 562.2606pt x 421.8159pt>
File: ./Pictures/freqTriangle.png Graphic file (type png)

<use ./Pictures/freqTriangle.png>
Package pdftex.def Info: ./Pictures/freqTriangle.png used on input line 86.
(pdftex.def)             Requested size: 168.67947pt x 126.54575pt.

<./Pictures/freqSaw.png, id=249, 562.2606pt x 421.8159pt>
File: ./Pictures/freqSaw.png Graphic file (type png)

<use ./Pictures/freqSaw.png>
Package pdftex.def Info: ./Pictures/freqSaw.png used on input line 95.
(pdftex.def)             Requested size: 182.04617pt x 136.5733pt.
 [5 <D:/Dropbox/Bjorn/Documents/GROEP T - MASTER/THESIS/Paper/Pictures/waves.pn
g>]
Underfull \hbox (badness 10000) in paragraph at lines 102--104

 []

[6 <D:/Dropbox/Bjorn/Documents/GROEP T - MASTER/THESIS/Paper/Pictures/freqSquar
e.png> <D:/Dropbox/Bjorn/Documents/GROEP T - MASTER/THESIS/Paper/Pictures/freqT
riangle.png> <D:/Dropbox/Bjorn/Documents/GROEP T - MASTER/THESIS/Paper/Pictures
/freqSaw.png>] <./Pictures/phasefunction.jpg, id=277, 402.50375pt x 216.81pt>
File: ./Pictures/phasefunction.jpg Graphic file (type jpg)

<use ./Pictures/phasefunction.jpg>
Package pdftex.def Info: ./Pictures/phasefunction.jpg used on input line 126.
(pdftex.def)             Requested size: 184.8776pt x 99.58464pt.

<./Pictures/sidebands.png, id=280, 387.4475pt x 234.8775pt>
File: ./Pictures/sidebands.png Graphic file (type png)

<use ./Pictures/sidebands.png>
Package pdftex.def Info: ./Pictures/sidebands.png used on input line 138.
(pdftex.def)             Requested size: 164.26985pt x 99.58464pt.
 [7 <D:/Dropbox/Bjorn/Documents/GROEP T - MASTER/THESIS/Paper/Pictures/phasefun
ction.jpg> <D:/Dropbox/Bjorn/Documents/GROEP T - MASTER/THESIS/Paper/Pictures/s
idebands.png>]
<./Pictures/besselSpect.jpg, id=296, 958.58125pt x 236.885pt>
File: ./Pictures/besselSpect.jpg Graphic file (type jpg)

<use ./Pictures/besselSpect.jpg>
Package pdftex.def Info: ./Pictures/besselSpect.jpg used on input line 157.
(pdftex.def)             Requested size: 241.78023pt x 59.75095pt.

<./Pictures/besselFunctions.png, id=300, 406.51875pt x 247.92625pt>
File: ./Pictures/besselFunctions.png Graphic file (type png)

<use ./Pictures/besselFunctions.png>
Package pdftex.def Info: ./Pictures/besselFunctions.png used on input line 171.

(pdftex.def)             Requested size: 228.6042pt x 139.41832pt.

<./Pictures/sidebands2.jpg, id=303, 436.63126pt x 253.94875pt>
File: ./Pictures/sidebands2.jpg Graphic file (type jpg)

<use ./Pictures/sidebands2.jpg>
Package pdftex.def Info: ./Pictures/sidebands2.jpg used on input line 179.
(pdftex.def)             Requested size: 195.68275pt x 113.81102pt.

Underfull \hbox (badness 10000) in paragraph at lines 166--186

 []

[8 <D:/Dropbox/Bjorn/Documents/GROEP T - MASTER/THESIS/Paper/Pictures/besselSpe
ct.jpg>]
LaTeX Font Info:    Try loading font information for OMS+cmr on input line 197.

 ("C:\Program Files (x86)\MiKTeX 2.9\tex\latex\base\omscmr.fd"
File: omscmr.fd 1999/05/25 v2.5h Standard LaTeX font definitions
)
LaTeX Font Info:    Font shape `OMS/cmr/m/n' in size <10> not available
(Font)              Font shape `OMS/cmsy/m/n' tried instead on input line 197.

<./Pictures/funDesign.jpg, id=317, 1204.5pt x 417.2388pt>
File: ./Pictures/funDesign.jpg Graphic file (type jpg)

<use ./Pictures/funDesign.jpg>
Package pdftex.def Info: ./Pictures/funDesign.jpg used on input line 204.
(pdftex.def)             Requested size: 410.68248pt x 142.26378pt.


LaTeX Warning: Reference `fig:flowChart' on page 9 undefined on input line 206.



LaTeX Warning: Reference `fig:flowChart' on page 9 undefined on input line 206.



LaTeX Warning: Reference `Chapter5' on page 9 undefined on input line 209.


LaTeX Warning: Reference `Chapter7' on page 9 undefined on input line 209.


LaTeX Warning: Reference `Chapter7' on page 9 undefined on input line 209.


Underfull \hbox (badness 10000) in paragraph at lines 209--210

 []


Underfull \hbox (badness 10000) in paragraph at lines 209--210

 []

) [9 <D:/Dropbox/Bjorn/Documents/GROEP T - MASTER/THESIS/Paper/Pictures/besselF
unctions.png> <D:/Dropbox/Bjorn/Documents/GROEP T - MASTER/THESIS/Paper/Picture
s/sidebands2.jpg>]
("D:\Dropbox\Bjorn\Documents\GROEP T - MASTER\THESIS\Paper\thesis.bbl" [10 <D:/
Dropbox/Bjorn/Documents/GROEP T - MASTER/THESIS/Paper/Pictures/funDesign.jpg>]
Missing character: There is no ® in font cmti10!
Missing character: There is no ® in font cmti10!
Missing character: There is no ® in font cmti10!

Overfull \hbox (96.01141pt too wide) in paragraph at lines 56--59
[]\OT1/cmr/m/n/10 J. Thomas, ``Mak-ing a stu-dio pt.3,'' May 2009.  http://en.a
udiofanzine.com/homestudio/editorial/articles/making-
 []


Underfull \hbox (badness 10000) in paragraph at lines 69--71
[]\OT1/cmr/m/n/10 G. Read, ``Synth se-crets, part 10: Mod-u-la-tion,'' Febru-ar
y 2000.
 []


Underfull \hbox (badness 1762) in paragraph at lines 78--80
[]\OT1/cmr/m/n/10 G. Read, ``Synth se-crets, part 13: More on fre-quency mod-u-
la-tion,'' May 2000.
 []


Underfull \hbox (badness 10000) in paragraph at lines 88--90
[]\OT1/cmr/m/n/10 E. W. Weis-stein, ``Fourier se-ries - saw-tooth wave.''
 []


Overfull \hbox (96.65001pt too wide) in paragraph at lines 92--94
[]\OT1/cmr/m/n/10 E. W. Weis-stein, ``Fourier se-ries - square wave.''  http://
mathworld.wolfram.com/FourierSeriesSawtoothWave.html. 
 []

[11

]
Underfull \hbox (badness 10000) in paragraph at lines 96--98
[]\OT1/cmr/m/n/10 E. W. Weis-stein, ``Fourier se-ries - tri-an-gle wave.''
 []


Underfull \hbox (badness 10000) in paragraph at lines 100--102
[]\OT1/cmr/m/n/10 E. W. Weis-stein, ``Bessel func-tion of the first kind.''
 []


Underfull \hbox (badness 2119) in paragraph at lines 104--108
[]\OT1/cmr/m/n/10 P. Burk, L. Polan-sky, D. Repetto, M. Roberts, and D. Rock-mo
re, \OT1/cmr/m/it/10 Mu-sic and
 []


Underfull \hbox (badness 4353) in paragraph at lines 104--108
\OT1/cmr/m/it/10 Com-put-ers: A The-o-ret-i-cal and His-tor-i-cal Ap-proach\OT1
/cmr/m/n/10 .  Key Col-lege Pub-lish-ing.
 []

)
("D:\Dropbox\Bjorn\Documents\GROEP T - MASTER\THESIS\Paper\Appendices\AppendixA
.tex" [12]
Appendix A.
------------------------------------------------------------------------------
 A Bessel functions and spectrum examples
------------------------------------------------------------------------------
<./Pictures/besselspec0.jpg, id=362, 548.0475pt x 423.5825pt>
File: ./Pictures/besselspec0.jpg Graphic file (type jpg)

<use ./Pictures/besselspec0.jpg>
Package pdftex.def Info: ./Pictures/besselspec0.jpg used on input line 13.
(pdftex.def)             Requested size: 294.50288pt x 227.62204pt.

<./Pictures/bessel0.jpg, id=363, 483.2454pt x 373.395pt>
File: ./Pictures/bessel0.jpg Graphic file (type jpg)

<use ./Pictures/bessel0.jpg>
Package pdftex.def Info: ./Pictures/bessel0.jpg used on input line 20.
(pdftex.def)             Requested size: 294.58754pt x 227.62204pt.

<./Pictures/bessel0sideband1.jpg, id=364, 481.8pt x 372.4314pt>
File: ./Pictures/bessel0sideband1.jpg Graphic file (type jpg)

<use ./Pictures/bessel0sideband1.jpg>
Package pdftex.def Info: ./Pictures/bessel0sideband1.jpg used on input line 27.

(pdftex.def)             Requested size: 294.471pt x 227.62204pt.

Underfull \hbox (badness 10000) in paragraph at lines 10--32

 []


Underfull \hbox (badness 10000) in paragraph at lines 33--34

 []

[13

 <D:/Dropbox/Bjorn/Documents/GROEP T - MASTER/THESIS/Paper/Pictures/besselspec0
.jpg>] [14 <D:/Dropbox/Bjorn/Documents/GROEP T - MASTER/THESIS/Paper/Pictures/b
essel0.jpg> <D:/Dropbox/Bjorn/Documents/GROEP T - MASTER/THESIS/Paper/Pictures/
bessel0sideband1.jpg>]
<./Pictures/besselspec1.jpg, id=375, 547.04375pt x 422.57875pt>
File: ./Pictures/besselspec1.jpg Graphic file (type jpg)

<use ./Pictures/besselspec1.jpg>
Package pdftex.def Info: ./Pictures/besselspec1.jpg used on input line 38.
(pdftex.def)             Requested size: 294.673pt x 227.62204pt.

<./Pictures/bessel0carrier.jpg, id=376, 481.8pt x 372.4314pt>
File: ./Pictures/bessel0carrier.jpg Graphic file (type jpg)

<use ./Pictures/bessel0carrier.jpg>
Package pdftex.def Info: ./Pictures/bessel0carrier.jpg used on input line 45.
(pdftex.def)             Requested size: 294.471pt x 227.62204pt.

<./Pictures/bessel11.jpg, id=377, 481.8pt x 372.4314pt>
File: ./Pictures/bessel11.jpg Graphic file (type jpg)

<use ./Pictures/bessel11.jpg>
Package pdftex.def Info: ./Pictures/bessel11.jpg used on input line 52.
(pdftex.def)             Requested size: 276.06242pt x 213.39566pt.

<./Pictures/bessel21.jpg, id=380, 481.8pt x 372.4314pt>
File: ./Pictures/bessel21.jpg Graphic file (type jpg)

<use ./Pictures/bessel21.jpg>
Package pdftex.def Info: ./Pictures/bessel21.jpg used on input line 59.
(pdftex.def)             Requested size: 276.06242pt x 213.39566pt.

<./Pictures/besselLabview.jpg, id=383, 399.4925pt x 240.9pt>
File: ./Pictures/besselLabview.jpg Graphic file (type jpg)

<use ./Pictures/besselLabview.jpg>
Package pdftex.def Info: ./Pictures/besselLabview.jpg used on input line 66.
(pdftex.def)             Requested size: 141.54956pt x 85.35826pt.
) [15 <D:/Dropbox/Bjorn/Documents/GROEP T - MASTER/THESIS/Paper/Pictures/bessel
spec1.jpg> <D:/Dropbox/Bjorn/Documents/GROEP T - MASTER/THESIS/Paper/Pictures/b
essel0carrier.jpg>] [16 <D:/Dropbox/Bjorn/Documents/GROEP T - MASTER/THESIS/Pap
er/Pictures/bessel11.jpg> <D:/Dropbox/Bjorn/Documents/GROEP T - MASTER/THESIS/P
aper/Pictures/bessel21.jpg> <D:/Dropbox/Bjorn/Documents/GROEP T - MASTER/THESIS
/Paper/Pictures/besselLabview.jpg>]
------------------------------------------------------------------------------
 Bibliography
------------------------------------------------------------------------------
Package atveryend Info: Empty hook `BeforeClearDocument' on input line 265.
Package atveryend Info: Empty hook `AfterLastShipout' on input line 265.
("D:\Dropbox\Bjorn\Documents\GROEP T - MASTER\THESIS\Paper\thesis.aux")
Package atveryend Info: Executing hook `AtVeryEndDocument' on input line 265.
Package atveryend Info: Executing hook `AtEndAfterFileList' on input line 265.
Package rerunfilecheck Info: File `thesis.out' has not changed.
(rerunfilecheck)             Checksum: 2935D6B9AEDBA3DBC5A752303762CE71;3874.


LaTeX Warning: There were undefined references.


LaTeX Warning: There were multiply-defined labels.

 ) 
Here is how much of TeX's memory you used:
 10841 strings out of 494045
 156034 string characters out of 3145969
 237847 words of memory out of 3000000
 13785 multiletter control sequences out of 15000+200000
 18602 words of font info for 71 fonts, out of 3000000 for 9000
 715 hyphenation exceptions out of 8191
 49i,12n,45p,1134b,430s stack positions out of 5000i,500n,10000p,200000b,50000s
<C:/Program Files (x86)/MiKTeX 2.9/fonts/type1/public/amsfonts/cm/cmbx10.pfb>
<C:/Program Files (x86)/MiKTeX 2.9/fonts/type1/public/amsfonts/cm/cmbx12.pfb><C
:/Program Files (x86)/MiKTeX 2.9/fonts/type1/public/amsfonts/cm/cmbx9.pfb><C:/P
rogram Files (x86)/MiKTeX 2.9/fonts/type1/public/amsfonts/cm/cmcsc10.pfb><C:/Pr
ogram Files (x86)/MiKTeX 2.9/fonts/type1/public/amsfonts/cm/cmex10.pfb><C:/Prog
ram Files (x86)/MiKTeX 2.9/fonts/type1/public/amsfonts/cm/cmmi10.pfb><C:/Progra
m Files (x86)/MiKTeX 2.9/fonts/type1/public/amsfonts/cm/cmmi7.pfb><C:/Program F
iles (x86)/MiKTeX 2.9/fonts/type1/public/amsfonts/cm/cmmi9.pfb><C:/Program File
s (x86)/MiKTeX 2.9/fonts/type1/public/amsfonts/cm/cmr10.pfb><C:/Program Files (
x86)/MiKTeX 2.9/fonts/type1/public/amsfonts/cm/cmr12.pfb><C:/Program Files (x86
)/MiKTeX 2.9/fonts/type1/public/amsfonts/cm/cmr5.pfb><C:/Program Files (x86)/Mi
KTeX 2.9/fonts/type1/public/amsfonts/cm/cmr6.pfb><C:/Program Files (x86)/MiKTeX
 2.9/fonts/type1/public/amsfonts/cm/cmr7.pfb><C:/Program Files (x86)/MiKTeX 2.9
/fonts/type1/public/amsfonts/cm/cmr8.pfb><C:/Program Files (x86)/MiKTeX 2.9/fon
ts/type1/public/amsfonts/cm/cmr9.pfb><C:/Program Files (x86)/MiKTeX 2.9/fonts/t
ype1/public/amsfonts/cm/cmssi10.pfb><C:/Program Files (x86)/MiKTeX 2.9/fonts/ty
pe1/public/amsfonts/cm/cmsy10.pfb><C:/Program Files (x86)/MiKTeX 2.9/fonts/type
1/public/amsfonts/cm/cmsy7.pfb><C:/Program Files (x86)/MiKTeX 2.9/fonts/type1/p
ublic/amsfonts/cm/cmsy9.pfb><C:/Program Files (x86)/MiKTeX 2.9/fonts/type1/publ
ic/amsfonts/cm/cmti10.pfb><C:/Program Files (x86)/MiKTeX 2.9/fonts/type1/public
/amsfonts/cm/cmti12.pfb>
Output written on thesis.pdf (22 pages, 3817456 bytes).
PDF statistics:
 483 PDF objects out of 1000 (max. 8388607)
 113 named destinations out of 1000 (max. 500000)
 310 words of extra memory for PDF output out of 10000 (max. 10000000)

