This is pdfTeX, Version 3.1415926-2.3-1.40.12 (MiKTeX 2.9) (preloaded format=pdflatex 2012.3.18)  6 MAY 2013 22:09
entering extended mode
**ThesisWSN.tex
("D:\Dropbox\Bjorn\Documents\GROEP T - MASTER\THESIS\Paper\ThesisWSN.tex"
LaTeX2e <2011/06/27>
Babel <v3.8m> and hyphenation patterns for english, afrikaans, ancientgreek, ar
abic, armenian, assamese, basque, bengali, bokmal, bulgarian, catalan, coptic, 
croatian, czech, danish, dutch, esperanto, estonian, farsi, finnish, french, ga
lician, german, german-x-2009-06-19, greek, gujarati, hindi, hungarian, iceland
ic, indonesian, interlingua, irish, italian, kannada, kurmanji, lao, latin, lat
vian, lithuanian, malayalam, marathi, mongolian, mongolianlmc, monogreek, ngerm
an, ngerman-x-2009-06-19, nynorsk, oriya, panjabi, pinyin, polish, portuguese, 
romanian, russian, sanskrit, serbian, slovak, slovenian, spanish, swedish, swis
sgerman, tamil, telugu, turkish, turkmen, ukenglish, ukrainian, uppersorbian, u
senglishmax, welsh, loaded.
("C:\Program Files (x86)\MiKTeX 2.9\tex\latex\base\article.cls"
Document Class: article 2007/10/19 v1.4h Standard LaTeX document class
("C:\Program Files (x86)\MiKTeX 2.9\tex\latex\base\size10.clo"
File: size10.clo 2007/10/19 v1.4h Standard LaTeX file (size option)
)
\c@part=\count79
\c@section=\count80
\c@subsection=\count81
\c@subsubsection=\count82
\c@paragraph=\count83
\c@subparagraph=\count84
\c@figure=\count85
\c@table=\count86
\abovecaptionskip=\skip41
\belowcaptionskip=\skip42
\bibindent=\dimen102
)
("C:\Program Files (x86)\MiKTeX 2.9\tex\latex\graphics\graphicx.sty"
Package: graphicx 1999/02/16 v1.0f Enhanced LaTeX Graphics (DPC,SPQR)

("C:\Program Files (x86)\MiKTeX 2.9\tex\latex\graphics\keyval.sty"
Package: keyval 1999/03/16 v1.13 key=value parser (DPC)
\KV@toks@=\toks14
)
("C:\Program Files (x86)\MiKTeX 2.9\tex\latex\graphics\graphics.sty"
Package: graphics 2009/02/05 v1.0o Standard LaTeX Graphics (DPC,SPQR)

("C:\Program Files (x86)\MiKTeX 2.9\tex\latex\graphics\trig.sty"
Package: trig 1999/03/16 v1.09 sin cos tan (DPC)
)
("C:\Program Files (x86)\MiKTeX 2.9\tex\latex\00miktex\graphics.cfg"
File: graphics.cfg 2007/01/18 v1.5 graphics configuration of teTeX/TeXLive
)
Package graphics Info: Driver file: pdftex.def on input line 91.

("C:\Program Files (x86)\MiKTeX 2.9\tex\latex\pdftex-def\pdftex.def"
File: pdftex.def 2011/05/27 v0.06d Graphics/color for pdfTeX

("C:\Program Files (x86)\MiKTeX 2.9\tex\generic\oberdiek\infwarerr.sty"
Package: infwarerr 2010/04/08 v1.3 Providing info/warning/message (HO)
)
("C:\Program Files (x86)\MiKTeX 2.9\tex\generic\oberdiek\ltxcmds.sty"
Package: ltxcmds 2011/04/18 v1.20 LaTeX kernel commands for general use (HO)
)
\Gread@gobject=\count87
))
\Gin@req@height=\dimen103
\Gin@req@width=\dimen104
)
("D:\Dropbox\Bjorn\Documents\GROEP T - MASTER\THESIS\Paper\StyleEN.sty")
("C:\Program Files (x86)\MiKTeX 2.9\tex\latex\titlesec\titlesec.sty"
Package: titlesec 2011/12/15 v2.10.0 Sectioning titles
\ttl@box=\box26
\beforetitleunit=\skip43
\aftertitleunit=\skip44
\ttl@plus=\dimen105
\ttl@minus=\dimen106
\ttl@toksa=\toks15
\titlewidth=\dimen107
\titlewidthlast=\dimen108
\titlewidthfirst=\dimen109
)
("C:\Program Files (x86)\MiKTeX 2.9\tex\latex\enumitem\enumitem.sty"
Package: enumitem 2011/09/28 v3.5.2 Customized lists
\labelindent=\skip45
\enit@outerparindent=\dimen110
\enit@toks=\toks16
\enit@inbox=\box27
\enitdp@description=\count88
)
("C:\Program Files (x86)\MiKTeX 2.9\tex\latex\texments\texments.sty"
Package: texments 2008/12/27 0.2.0 The Pygments source code highligher integrat
ed into LaTeX documents

("C:\Program Files (x86)\MiKTeX 2.9\tex\latex\fancyvrb\fancyvrb.sty"
Package: fancyvrb 2008/02/07

Style option: `fancyvrb' v2.7a, with DG/SPQR fixes, and firstline=lastline fix 
<2008/02/07> (tvz)
\FV@CodeLineNo=\count89
\FV@InFile=\read1
\FV@TabBox=\box28
\c@FancyVerbLine=\count90
\FV@StepNumber=\count91
\FV@OutFile=\write3
)
("C:\Program Files (x86)\MiKTeX 2.9\tex\latex\graphics\color.sty"
Package: color 2005/11/14 v1.0j Standard LaTeX Color (DPC)

("C:\Program Files (x86)\MiKTeX 2.9\tex\latex\00miktex\color.cfg"
File: color.cfg 2007/01/18 v1.5 color configuration of teTeX/TeXLive
)
Package color Info: Driver file: pdftex.def on input line 130.
)
("C:\Program Files (x86)\MiKTeX 2.9\tex\latex\base\ifthen.sty"
Package: ifthen 2001/05/26 v1.1c Standard LaTeX ifthen package (DPC)
)
\code=\write4
)
("C:\Program Files (x86)\MiKTeX 2.9\tex\latex\wrapfig\wrapfig.sty"
\wrapoverhang=\dimen111
\WF@size=\dimen112
\c@WF@wrappedlines=\count92
\WF@box=\box29
\WF@everypar=\toks17
Package: wrapfig 2003/01/31  v 3.6
)
("C:\Program Files (x86)\MiKTeX 2.9\tex\latex\hyperref\hyperref.sty"
Package: hyperref 2012/02/06 v6.82o Hypertext links for LaTeX

("C:\Program Files (x86)\MiKTeX 2.9\tex\generic\oberdiek\hobsub-hyperref.sty"
Package: hobsub-hyperref 2011/04/23 v1.4 Bundle oberdiek, subset hyperref (HO)

("C:\Program Files (x86)\MiKTeX 2.9\tex\generic\oberdiek\hobsub-generic.sty"
Package: hobsub-generic 2011/04/23 v1.4 Bundle oberdiek, subset generic (HO)
Package: hobsub 2011/04/23 v1.4 Subsetting bundle oberdiek (HO)
Package hobsub Info: Skipping package `infwarerr' (already loaded).
Package hobsub Info: Skipping package `ltxcmds' (already loaded).
Package: ifluatex 2010/03/01 v1.3 Provides the ifluatex switch (HO)
Package ifluatex Info: LuaTeX not detected.
Package: ifvtex 2010/03/01 v1.5 Switches for detecting VTeX and its modes (HO)
Package ifvtex Info: VTeX not detected.
Package: intcalc 2007/09/27 v1.1 Expandable integer calculations (HO)
Package: ifpdf 2011/01/30 v2.3 Provides the ifpdf switch (HO)
Package ifpdf Info: pdfTeX in PDF mode is detected.
Package: etexcmds 2011/02/16 v1.5 Prefix for e-TeX command names (HO)
Package etexcmds Info: Could not find \expanded.
(etexcmds)             That can mean that you are not using pdfTeX 1.50 or
(etexcmds)             that some package has redefined \expanded.
(etexcmds)             In the latter case, load this package earlier.
Package: kvsetkeys 2011/04/07 v1.13 Key value parser (HO)
Package: kvdefinekeys 2011/04/07 v1.3 Defining keys (HO)
Package: pdftexcmds 2011/04/22 v0.16 Utilities of pdfTeX for LuaTeX (HO)
Package pdftexcmds Info: LuaTeX not detected.
Package pdftexcmds Info: \pdf@primitive is available.
Package pdftexcmds Info: \pdf@ifprimitive is available.
Package pdftexcmds Info: \pdfdraftmode found.
Package: pdfescape 2011/04/04 v1.12 Provides string conversions (HO)
Package: bigintcalc 2011/01/30 v1.2 Expandable big integer calculations (HO)
Package: bitset 2011/01/30 v1.1 Data type bit set (HO)
Package: uniquecounter 2011/01/30 v1.2 Provides unlimited unique counter (HO)
)
Package hobsub Info: Skipping package `hobsub' (already loaded).
Package: letltxmacro 2010/09/02 v1.4 Let assignment for LaTeX macros (HO)
Package: hopatch 2011/01/30 v1.0 Wrapper for package hooks (HO)
Package: xcolor-patch 2011/01/30 xcolor patch
Package: atveryend 2011/04/23 v1.7 Hooks at very end of document (HO)
Package: atbegshi 2011/01/30 v1.15 At begin shipout hook (HO)
Package: refcount 2010/12/01 v3.2 Data extraction from references (HO)
Package: hycolor 2011/01/30 v1.7 Color options of hyperref/bookmark (HO)
)
("C:\Program Files (x86)\MiKTeX 2.9\tex\generic\ifxetex\ifxetex.sty"
Package: ifxetex 2010/09/12 v0.6 Provides ifxetex conditional
)
("C:\Program Files (x86)\MiKTeX 2.9\tex\latex\oberdiek\kvoptions.sty"
Package: kvoptions 2010/12/23 v3.10 Keyval support for LaTeX options (HO)
)
\@linkdim=\dimen113
\Hy@linkcounter=\count93
\Hy@pagecounter=\count94

("C:\Program Files (x86)\MiKTeX 2.9\tex\latex\hyperref\pd1enc.def"
File: pd1enc.def 2012/02/06 v6.82o Hyperref: PDFDocEncoding definition (HO)
)
\Hy@SavedSpaceFactor=\count95

("C:\Program Files (x86)\MiKTeX 2.9\tex\latex\00miktex\hyperref.cfg"
File: hyperref.cfg 2002/06/06 v1.2 hyperref configuration of TeXLive
)
Package hyperref Info: Hyper figures OFF on input line 4046.
Package hyperref Info: Link nesting OFF on input line 4051.
Package hyperref Info: Hyper index ON on input line 4054.
Package hyperref Info: Plain pages OFF on input line 4061.
Package hyperref Info: Backreferencing OFF on input line 4066.
Package hyperref Info: Implicit mode ON; LaTeX internals redefined.
Package hyperref Info: Bookmarks ON on input line 4284.
\c@Hy@tempcnt=\count96

("C:\Program Files (x86)\MiKTeX 2.9\tex\latex\ltxmisc\url.sty"
\Urlmuskip=\muskip10
Package: url 2006/04/12  ver 3.3  Verb mode for urls, etc.
)
LaTeX Info: Redefining \url on input line 4637.
\Fld@menulength=\count97
\Field@Width=\dimen114
\Fld@charsize=\dimen115
Package hyperref Info: Hyper figures OFF on input line 5757.
Package hyperref Info: Link nesting OFF on input line 5762.
Package hyperref Info: Hyper index ON on input line 5765.
Package hyperref Info: backreferencing OFF on input line 5772.
Package hyperref Info: Link coloring OFF on input line 5777.
Package hyperref Info: Link coloring with OCG OFF on input line 5782.
Package hyperref Info: PDF/A mode OFF on input line 5787.
LaTeX Info: Redefining \ref on input line 5827.
LaTeX Info: Redefining \pageref on input line 5831.
\Hy@abspage=\count98
\c@Item=\count99
\c@Hfootnote=\count100
)

Package hyperref Message: Driver (autodetected): hpdftex.

("C:\Program Files (x86)\MiKTeX 2.9\tex\latex\hyperref\hpdftex.def"
File: hpdftex.def 2012/02/06 v6.82o Hyperref driver for pdfTeX
\Fld@listcount=\count101
\c@bookmark@seq@number=\count102

("C:\Program Files (x86)\MiKTeX 2.9\tex\latex\oberdiek\rerunfilecheck.sty"
Package: rerunfilecheck 2011/04/15 v1.7 Rerun checks for auxiliary files (HO)
Package uniquecounter Info: New unique counter `rerunfilecheck' on input line 2
82.
)
\Hy@SectionHShift=\skip46
)
("C:\Program Files (x86)\MiKTeX 2.9\tex\latex\sttools\flushend.sty"
Package: flushend 1997/10/01
\@aaa=\box30
\@ccc=\box31
\@viper=\box32
\hold@viper=\box33
\atColsBreak=\toks18
\@extra@skip=\dimen116
\@nd@page@rule=\dimen117
)
("C:\Program Files (x86)\MiKTeX 2.9\tex\latex\tools\multicol.sty"
Package: multicol 2011/06/27 v1.7a multicolumn formatting (FMi)
\c@tracingmulticols=\count103
\mult@box=\box34
\multicol@leftmargin=\dimen118
\c@unbalance=\count104
\c@collectmore=\count105
\doublecol@number=\count106
\multicoltolerance=\count107
\multicolpretolerance=\count108
\full@width=\dimen119
\page@free=\dimen120
\premulticols=\dimen121
\postmulticols=\dimen122
\multicolsep=\skip47
\multicolbaselineskip=\skip48
\partial@page=\box35
\last@line=\box36
\mult@rightbox=\box37
\mult@grightbox=\box38
\mult@gfirstbox=\box39
\mult@firstbox=\box40
\@tempa=\box41
\@tempa=\box42
\@tempa=\box43
\@tempa=\box44
\@tempa=\box45
\@tempa=\box46
\@tempa=\box47
\@tempa=\box48
\@tempa=\box49
\@tempa=\box50
\@tempa=\box51
\@tempa=\box52
\@tempa=\box53
\@tempa=\box54
\@tempa=\box55
\@tempa=\box56
\@tempa=\box57
\c@columnbadness=\count109
\c@finalcolumnbadness=\count110
\last@try=\dimen123
\multicolovershoot=\dimen124
\multicolundershoot=\dimen125
\mult@nat@firstbox=\box58
\colbreak@box=\box59
\multicol@sort@counter=\count111
)
("C:\Program Files (x86)\MiKTeX 2.9\tex\latex\float\float.sty"
Package: float 2001/11/08 v1.3d Float enhancements (AL)
\c@float@type=\count112
\float@exts=\toks19
\float@box=\box60
\@float@everytoks=\toks20
\@floatcapt=\box61
)
("C:\Program Files (x86)\MiKTeX 2.9\tex\latex\stmaryrd\stmaryrd.sty"
Package: stmaryrd 1994/03/03 St Mary's Road symbol package
\symstmry=\mathgroup4
LaTeX Font Info:    Overwriting symbol font `stmry' in version `bold'
(Font)                  U/stmry/m/n --> U/stmry/b/n on input line 89.
)
("C:\Program Files (x86)\MiKTeX 2.9\tex\latex\graphics\epsfig.sty"
Package: epsfig 1999/02/16 v1.7a (e)psfig emulation (SPQR)
\epsfxsize=\dimen126
\epsfysize=\dimen127
)
("C:\Program Files (x86)\MiKTeX 2.9\tex\latex\base\alltt.sty"
Package: alltt 1997/06/16 v2.0g defines alltt environment
)
("C:\Program Files (x86)\MiKTeX 2.9\tex\latex\listings\listings.sty"
\lst@mode=\count113
\lst@gtempboxa=\box62
\lst@token=\toks21
\lst@length=\count114
\lst@currlwidth=\dimen128
\lst@column=\count115
\lst@pos=\count116
\lst@lostspace=\dimen129
\lst@width=\dimen130
\lst@newlines=\count117
\lst@lineno=\count118
\lst@maxwidth=\dimen131

("C:\Program Files (x86)\MiKTeX 2.9\tex\latex\listings\lstmisc.sty"
File: lstmisc.sty 2007/02/22 1.4 (Carsten Heinz)
\c@lstnumber=\count119
\lst@skipnumbers=\count120
\lst@framebox=\box63
)
("C:\Program Files (x86)\MiKTeX 2.9\tex\latex\listings\listings.cfg"
File: listings.cfg 2007/02/22 1.4 listings configuration
))
Package: listings 2007/02/22 1.4 (Carsten Heinz)

("C:\Program Files (x86)\MiKTeX 2.9\tex\latex\hyperref\xr-hyper.sty"
Package: xr-hyper 2000/03/22 v6.00beta4 eXternal References (DPC)


Package xr-hyper Warning: Load package `hyperref' after `xr-hyper'.

) ("C:\Program Files (x86)\MiKTeX 2.9\tex\latex\tools\array.sty"
Package: array 2008/09/09 v2.4c Tabular extension package (FMi)
\col@sep=\dimen132
\extrarowheight=\dimen133
\NC@list=\toks22
\extratabsurround=\skip49
\backup@length=\skip50
)
("C:\Program Files (x86)\MiKTeX 2.9\tex\latex\multirow\multirow.sty"
\bigstrutjot=\dimen134
)
("C:\Program Files (x86)\MiKTeX 2.9\tex\latex\natbib\natbib.sty"
Package: natbib 2010/09/13 8.31b (PWD, AO)
\bibhang=\skip51
\bibsep=\skip52
LaTeX Info: Redefining \cite on input line 694.
\c@NAT@ctr=\count121
)
("C:\Program Files (x86)\MiKTeX 2.9\tex\latex\oberdiek\epstopdf.sty"
Package: epstopdf 2010/02/09 v2.5 Conversion with epstopdf on the fly (HO)

("C:\Program Files (x86)\MiKTeX 2.9\tex\latex\oberdiek\epstopdf-base.sty"
Package: epstopdf-base 2010/02/09 v2.5 Base part for package epstopdf

("C:\Program Files (x86)\MiKTeX 2.9\tex\latex\oberdiek\grfext.sty"
Package: grfext 2010/08/19 v1.1 Managing graphics extensions (HO)
)
Package grfext Info: Graphics extension search list:
(grfext)             [.png,.pdf,.jpg,.mps,.jpeg,.jbig2,.jb2,.PNG,.PDF,.JPG,.JPE
G,.JBIG2,.JB2,.eps]
(grfext)             \AppendGraphicsExtensions on input line 452.
))
("C:\Program Files (x86)\MiKTeX 2.9\tex\latex\ams\math\amsmath.sty"
Package: amsmath 2000/07/18 v2.13 AMS math features
\@mathmargin=\skip53

For additional information on amsmath, use the `?' option.
("C:\Program Files (x86)\MiKTeX 2.9\tex\latex\ams\math\amstext.sty"
Package: amstext 2000/06/29 v2.01

("C:\Program Files (x86)\MiKTeX 2.9\tex\latex\ams\math\amsgen.sty"
File: amsgen.sty 1999/11/30 v2.0
\@emptytoks=\toks23
\ex@=\dimen135
))
("C:\Program Files (x86)\MiKTeX 2.9\tex\latex\ams\math\amsbsy.sty"
Package: amsbsy 1999/11/29 v1.2d
\pmbraise@=\dimen136
)
("C:\Program Files (x86)\MiKTeX 2.9\tex\latex\ams\math\amsopn.sty"
Package: amsopn 1999/12/14 v2.01 operator names
)
\inf@bad=\count122
LaTeX Info: Redefining \frac on input line 211.
\uproot@=\count123
\leftroot@=\count124
LaTeX Info: Redefining \overline on input line 307.
\classnum@=\count125
\DOTSCASE@=\count126
LaTeX Info: Redefining \ldots on input line 379.
LaTeX Info: Redefining \dots on input line 382.
LaTeX Info: Redefining \cdots on input line 467.
\Mathstrutbox@=\box64
\strutbox@=\box65
\big@size=\dimen137
LaTeX Font Info:    Redeclaring font encoding OML on input line 567.
LaTeX Font Info:    Redeclaring font encoding OMS on input line 568.
\macc@depth=\count127
\c@MaxMatrixCols=\count128
\dotsspace@=\muskip11
\c@parentequation=\count129
\dspbrk@lvl=\count130
\tag@help=\toks24
\row@=\count131
\column@=\count132
\maxfields@=\count133
\andhelp@=\toks25
\eqnshift@=\dimen138
\alignsep@=\dimen139
\tagshift@=\dimen140
\tagwidth@=\dimen141
\totwidth@=\dimen142
\lineht@=\dimen143
\@envbody=\toks26
\multlinegap=\skip54
\multlinetaggap=\skip55
\mathdisplay@stack=\toks27
LaTeX Info: Redefining \[ on input line 2666.
LaTeX Info: Redefining \] on input line 2667.
)
("C:\Program Files (x86)\MiKTeX 2.9\tex\latex\amsfonts\amssymb.sty"
Package: amssymb 2009/06/22 v3.00

("C:\Program Files (x86)\MiKTeX 2.9\tex\latex\amsfonts\amsfonts.sty"
Package: amsfonts 2009/06/22 v3.00 Basic AMSFonts support
\symAMSa=\mathgroup5
\symAMSb=\mathgroup6
LaTeX Font Info:    Overwriting math alphabet `\mathfrak' in version `bold'
(Font)                  U/euf/m/n --> U/euf/b/n on input line 96.
)
LaTeX Font Info:    Redeclaring math symbol \boxdot on input line 39.
)
("C:\Program Files (x86)\MiKTeX 2.9\tex\generic\babel\babel.sty"
Package: babel 2008/07/08 v3.8m The Babel package

*************************************
* Local config file bblopts.cfg used
*
("C:\Program Files (x86)\MiKTeX 2.9\tex\latex\00miktex\bblopts.cfg"
File: bblopts.cfg 2006/07/31 v1.0 MiKTeX 'babel' configuration
)
("C:\Program Files (x86)\MiKTeX 2.9\tex\generic\babel\english.ldf"
Language: english 2005/03/30 v3.3o English support from the babel system

("C:\Program Files (x86)\MiKTeX 2.9\tex\generic\babel\babel.def"
File: babel.def 2008/07/08 v3.8m Babel common definitions
\babel@savecnt=\count134
\U@D=\dimen144
)
\l@canadian = a dialect from \language\l@american 
\l@australian = a dialect from \language\l@british 
\l@newzealand = a dialect from \language\l@british 
))
("D:\Dropbox\Bjorn\Documents\GROEP T - MASTER\THESIS\Paper\ThesisWSN.aux"

LaTeX Warning: Label `memory' multiply defined.


LaTeX Warning: Label `tab:sleep1' multiply defined.


LaTeX Warning: Label `tab:sleep1' multiply defined.


LaTeX Warning: Label `tab:sleep1' multiply defined.


LaTeX Warning: Label `tab:sleep1' multiply defined.


LaTeX Warning: Label `fig:batCalcPS' multiply defined.


LaTeX Warning: Label `tab:cons2' multiply defined.

)
LaTeX Font Info:    Checking defaults for OML/cmm/m/it on input line 80.
LaTeX Font Info:    ... okay on input line 80.
LaTeX Font Info:    Checking defaults for T1/cmr/m/n on input line 80.
LaTeX Font Info:    ... okay on input line 80.
LaTeX Font Info:    Checking defaults for OT1/cmr/m/n on input line 80.
LaTeX Font Info:    ... okay on input line 80.
LaTeX Font Info:    Checking defaults for OMS/cmsy/m/n on input line 80.
LaTeX Font Info:    ... okay on input line 80.
LaTeX Font Info:    Checking defaults for OMX/cmex/m/n on input line 80.
LaTeX Font Info:    ... okay on input line 80.
LaTeX Font Info:    Checking defaults for U/cmr/m/n on input line 80.
LaTeX Font Info:    ... okay on input line 80.
LaTeX Font Info:    Checking defaults for PD1/pdf/m/n on input line 80.
LaTeX Font Info:    ... okay on input line 80.
LaTeX Font Info:    Try loading font information for OT1+ptm on input line 80.
 ("C:\Program Files (x86)\MiKTeX 2.9\tex\latex\psnfss\ot1ptm.fd"
File: ot1ptm.fd 2001/06/04 font definitions for OT1/ptm.
)
("C:\Program Files (x86)\MiKTeX 2.9\tex\context\base\supp-pdf.mkii"
[Loading MPS to PDF converter (version 2006.09.02).]
\scratchcounter=\count135
\scratchdimen=\dimen145
\scratchbox=\box66
\nofMPsegments=\count136
\nofMParguments=\count137
\everyMPshowfont=\toks28
\MPscratchCnt=\count138
\MPscratchDim=\dimen146
\MPnumerator=\count139
\makeMPintoPDFobject=\count140
\everyMPtoPDFconversion=\toks29
)
\AtBeginShipoutBox=\box67
Package hyperref Info: Link coloring OFF on input line 80.
 ("C:\Program Files (x86)\MiKTeX 2.9\tex\latex\hyperref\nameref.sty"
Package: nameref 2010/04/30 v2.40 Cross-referencing by name of section

("C:\Program Files (x86)\MiKTeX 2.9\tex\generic\oberdiek\gettitlestring.sty"
Package: gettitlestring 2010/12/03 v1.4 Cleanup title references (HO)
)
\c@section@level=\count141
)
LaTeX Info: Redefining \ref on input line 80.
LaTeX Info: Redefining \pageref on input line 80.
LaTeX Info: Redefining \nameref on input line 80.

("D:\Dropbox\Bjorn\Documents\GROEP T - MASTER\THESIS\Paper\ThesisWSN.out")
("D:\Dropbox\Bjorn\Documents\GROEP T - MASTER\THESIS\Paper\ThesisWSN.out")
\@outlinefile=\write5
\c@lstlisting=\count142

("D:\Dropbox\Bjorn\Documents\GROEP T - MASTER\THESIS\Paper\TitlePageEN.tex"
LaTeX Font Info:    Try loading font information for U+stmry on input line 7.

("C:\Program Files (x86)\MiKTeX 2.9\tex\latex\stmaryrd\ustmry.fd")
LaTeX Font Info:    Try loading font information for U+msa on input line 7.

("C:\Program Files (x86)\MiKTeX 2.9\tex\latex\amsfonts\umsa.fd"
File: umsa.fd 2009/06/22 v3.00 AMS symbols A
)
LaTeX Font Info:    Try loading font information for U+msb on input line 7.

("C:\Program Files (x86)\MiKTeX 2.9\tex\latex\amsfonts\umsb.fd"
File: umsb.fd 2009/06/22 v3.00 AMS symbols B
)
Package epstopdf Info: Source file: <GroupTEngineering_p2.eps>
(epstopdf)                    date: 2008-11-18 15:25:00
(epstopdf)                    size: 35306 bytes
(epstopdf)             Output file: <GroupTEngineering_p2.pdf>
(epstopdf)                    date: 2013-04-16 13:49:32
(epstopdf)                    size: 9900 bytes
(epstopdf)             Command: <epstopdf GroupTEngineering_p2.eps>
(epstopdf)             \includegraphics on input line 8.
Package epstopdf Info: Output file is already uptodate.

<GroupTEngineering_p2.pdf, id=363, 272.01625pt x 77.28876pt>
File: GroupTEngineering_p2.pdf Graphic file (type pdf)

<use GroupTEngineering_p2.pdf>
Package pdftex.def Info: GroupTEngineering_p2.pdf used on input line 8.
(pdftex.def)             Requested size: 99.58311pt x 28.29448pt.
Package epstopdf Info: Source file: <AssociatieLogo.eps>
(epstopdf)                    date: 2008-11-18 10:32:00
(epstopdf)                    size: 21806 bytes
(epstopdf)             Output file: <AssociatieLogo.pdf>
(epstopdf)                    date: 2013-04-16 13:49:34
(epstopdf)                    size: 6361 bytes
(epstopdf)             Command: <epstopdf AssociatieLogo.eps>
(epstopdf)             \includegraphics on input line 12.
Package epstopdf Info: Output file is already uptodate.

<AssociatieLogo.pdf, id=364, 172.645pt x 73.27374pt>
File: AssociatieLogo.pdf Graphic file (type pdf)
 <use AssociatieLogo.pdf>
Package pdftex.def Info: AssociatieLogo.pdf used on input line 12.
(pdftex.def)             Requested size: 64.73244pt x 27.47421pt.
LaTeX Font Info:    Font shape `OT1/ptm/bx/n' in size <10> not available
(Font)              Font shape `OT1/ptm/b/n' tried instead on input line 17.
LaTeX Font Info:    Font shape `OT1/ptm/bx/n' in size <20.74> not available
(Font)              Font shape `OT1/ptm/b/n' tried instead on input line 17.
)
Underfull \vbox (badness 10000) has occurred while \output is active []

 [1

{C:/ProgramData/MiKTeX/2.9/pdftex/config/pdftex.map} <D:/Dropbox/Bjorn/Document
s/GROEP T - MASTER/THESIS/Paper/GroupTEngineering_p2.pdf> <D:/Dropbox/Bjorn/Doc
uments/GROEP T - MASTER/THESIS/Paper/AssociatieLogo.pdf>]
("D:\Dropbox\Bjorn\Documents\GROEP T - MASTER\THESIS\Paper\Chapters\Chapter1.te
x"
LaTeX Font Info:    Font shape `OT1/ptm/bx/n' in size <14.4> not available
(Font)              Font shape `OT1/ptm/b/n' tried instead on input line 4.

Overfull \hbox (2.51424pt too wide) in paragraph at lines 4--4
 |[]\OT1/ptm/b/n/14.4 Introduction to Wire-less Sen-sor Net-
 []

LaTeX Font Info:    Font shape `OT1/ptm/bx/n' in size <12> not available
(Font)              Font shape `OT1/ptm/b/n' tried instead on input line 15.

Underfull \hbox (badness 10000) in paragraph at lines 21--21
\OT1/ptm/b/n/12 Ubiquitous Com-put-
 []


Underfull \hbox (badness 1221) in paragraph at lines 16--23
\OT1/ptm/m/n/10 The ENIAC, the first elec-tronic com-puter de-signed by
 []


Underfull \vbox (badness 10000) has occurred while \output is active []

LaTeX Font Info:    Try loading font information for OMS+ptm on input line 42.

("C:\Program Files (x86)\MiKTeX 2.9\tex\latex\psnfss\omsptm.fd"
File: omsptm.fd 
)
LaTeX Font Info:    Font shape `OMS/ptm/m/n' in size <10> not available
(Font)              Font shape `OMS/cmsy/m/n' tried instead on input line 42.
 [2

]
<./Pictures/typicalCons.png, id=427, 381.425pt x 248.93pt>
File: ./Pictures/typicalCons.png Graphic file (type png)

<use ./Pictures/typicalCons.png>
Package pdftex.def Info: ./Pictures/typicalCons.png used on input line 56.
(pdftex.def)             Requested size: 149.37848pt x 97.48872pt.

<./Pictures/powerCons.png, id=428, 1234.6125pt x 155.58125pt>
File: ./Pictures/powerCons.png Graphic file (type png)

<use ./Pictures/powerCons.png>
Package pdftex.def Info: ./Pictures/powerCons.png used on input line 64.
(pdftex.def)             Requested size: 239.001pt x 30.11624pt.

Underfull \hbox (badness 10000) in paragraph at lines 69--71

 []

<./Pictures/zigbeeRange.png, id=435, 807.015pt x 430.60875pt>
File: ./Pictures/zigbeeRange.png Graphic file (type png)

<use ./Pictures/zigbeeRange.png>
Package pdftex.def Info: ./Pictures/zigbeeRange.png used on input line 84.
(pdftex.def)             Requested size: 239.001pt x 127.52783pt.

Underfull \hbox (badness 10000) in paragraph at lines 88--107

 []

)
("D:\Dropbox\Bjorn\Documents\GROEP T - MASTER\THESIS\Paper\Chapters\Chapter2.te
x"
Underfull \hbox (badness 10000) in paragraph at lines 109--2

 []

<./Pictures/thesis.png, id=441, 668.4975pt x 550.055pt>
File: ./Pictures/thesis.png Graphic file (type png)

<use ./Pictures/thesis.png>
Package pdftex.def Info: ./Pictures/thesis.png used on input line 10.
(pdftex.def)             Requested size: 239.001pt x 196.65157pt.
 [3pdfTeX warning (ext4): destination with the same identifier (name{figure.1})
 has been already used, duplicate ignored

\AtBegShi@Output ...ipout \box \AtBeginShipoutBox 
                                                  \fi \fi 
l.15 
     pdfTeX warning (ext4): destination with the same identifier (name{figure.2
}) has been already used, duplicate ignored

\AtBegShi@Output ...ipout \box \AtBeginShipoutBox 
                                                  \fi \fi 
l.15 
      <D:/Dropbox/Bjorn/Documents/GROEP T - MASTER/THESIS/Paper/Pictures/typica
lCons.png> <D:/Dropbox/Bjorn/Documents/GROEP T - MASTER/THESIS/Paper/Pictures/p
owerCons.png> <D:/Dropbox/Bjorn/Documents/GROEP T - MASTER/THESIS/Paper/Picture
s/zigbeeRange.png>]
Missing character: There is no ‚ in font ptmr7t!
Missing character: There is no Ä in font ptmr7t!
Missing character: There is no ú in font ptmr7t!
Missing character: There is no ‚ in font ptmr7t!
Missing character: There is no Ä in font ptmr7t!
Missing character: There is no ù in font ptmr7t!
Missing character: There is no ‚ in font ptmr7t!
Missing character: There is no Ä in font ptmr7t!
Missing character: There is no ô in font ptmr7t!
 <./Pictures/api.png, id=456, 445.665pt x 83.31125pt>
File: ./Pictures/api.png Graphic file (type png)

<use ./Pictures/api.png>
Package pdftex.def Info: ./Pictures/api.png used on input line 28.
(pdftex.def)             Requested size: 239.001pt x 44.67848pt.


LaTeX Warning: Reference `libPAQ' on page 4 undefined on input line 53.


Underfull \vbox (badness 1077) has occurred while \output is active []

 [4pdfTeX warning (ext4): destination with the same identifier (name{table.1}) 
has been already used, duplicate ignored

\AtBegShi@Output ...ipout \box \AtBeginShipoutBox 
                                                  \fi \fi 
l.55 \vfill
           pdfTeX warning (ext4): destination with the same identifier (name{fi
gure.3}) has been already used, duplicate ignored

\AtBegShi@Output ...ipout \box \AtBeginShipoutBox 
                                                  \fi \fi 
l.55 \vfill
           pdfTeX warning (ext4): destination with the same identifier (name{fi
gure.4}) has been already used, duplicate ignored

\AtBegShi@Output ...ipout \box \AtBeginShipoutBox 
                                                  \fi \fi 
l.55 \vfill
           pdfTeX warning (ext4): destination with the same identifier (name{ta
ble.2}) has been already used, duplicate ignored

\AtBegShi@Output ...ipout \box \AtBeginShipoutBox 
                                                  \fi \fi 
l.55 \vfill
            <D:/Dropbox/Bjorn/Documents/GROEP T - MASTER/THESIS/Paper/Pictures/
thesis.png> <D:/Dropbox/Bjorn/Documents/GROEP T - MASTER/THESIS/Paper/Pictures/
api.png>])
("D:\Dropbox\Bjorn\Documents\GROEP T - MASTER\THESIS\Paper\Chapters\Chapter3.te
x" <./Pictures/chap3.png, id=473, 1919.67188pt x 557.08125pt>
File: ./Pictures/chap3.png Graphic file (type png)

<use ./Pictures/chap3.png>
Package pdftex.def Info: ./Pictures/chap3.png used on input line 8.
(pdftex.def)             Requested size: 487.96262pt x 141.59906pt.

Underfull \vbox (badness 1565) has occurred while \output is active []

 [5]
<./Pictures/waspmote2.png, id=490, 1043.9pt x 690.58pt>
File: ./Pictures/waspmote2.png Graphic file (type png)

<use ./Pictures/waspmote2.png>
Package pdftex.def Info: ./Pictures/waspmote2.png used on input line 28.
(pdftex.def)             Requested size: 239.001pt x 158.10297pt.
 [6pdfTeX warning (ext4): destination with the same identifier (name{figure.5})
 has been already used, duplicate ignored

\AtBegShi@Output ...ipout \box \AtBeginShipoutBox 
                                                  \fi \fi 
l.45 \paragraph{Real Time Clock}
                                pdfTeX warning (ext4): destination with the sam
e identifier (name{figure.6}) has been already used, duplicate ignored

\AtBegShi@Output ...ipout \box \AtBeginShipoutBox 
                                                  \fi \fi 
l.45 \paragraph{Real Time Clock}
                                 <D:/Dropbox/Bjorn/Documents/GROEP T - MASTER/T
HESIS/Paper/Pictures/chap3.png> <D:/Dropbox/Bjorn/Documents/GROEP T - MASTER/TH
ESIS/Paper/Pictures/waspmote2.png>]

LaTeX Warning: Reference `fig:roles' on page 7 undefined on input line 98.


LaTeX Warning: Reference `fig:deepSleep' on page 7 undefined on input line 135.


[7] <./Pictures/hibernate.png, id=528, 1271.75125pt x 455.7025pt>
File: ./Pictures/hibernate.png Graphic file (type png)

<use ./Pictures/hibernate.png>
Package pdftex.def Info: ./Pictures/hibernate.png used on input line 141.
(pdftex.def)             Requested size: 368.46591pt x 132.03212pt.

<./Pictures/battery2.png, id=529, 808.01875pt x 454.69875pt>
File: ./Pictures/battery2.png Graphic file (type png)

<use ./Pictures/battery2.png>
Package pdftex.def Info: ./Pictures/battery2.png used on input line 147.
(pdftex.def)             Requested size: 428.21426pt x 240.96837pt.
LaTeX Font Info:    Try loading font information for OT1+pcr on input line 152.


("C:\Program Files (x86)\MiKTeX 2.9\tex\latex\psnfss\ot1pcr.fd"
File: ot1pcr.fd 2001/06/04 font definitions for OT1/pcr.
)
Underfull \hbox (badness 1112) in paragraph at lines 138--154
[] []|\OT1/ptm/b/n/10 3.6.0.5 Hi-ber-nate[] \OT1/ptm/m/n/10 Hi-ber-nate mode co
n-sumes roughly
 []


Underfull \hbox (badness 10000) in paragraph at lines 159--191

 []

[8pdfTeX warning (ext4): destination with the same identifier (name{table.3}) h
as been already used, duplicate ignored

\AtBegShi@Output ...ipout \box \AtBeginShipoutBox 
                                                  \fi \fi 
l.199 \end{enumerate}
                     pdfTeX warning (ext4): destination with the same identifie
r (name{table.4}) has been already used, duplicate ignored

\AtBegShi@Output ...ipout \box \AtBeginShipoutBox 
                                                  \fi \fi 
l.199 \end{enumerate}
                     ]
runsystem(pygmentize -S vs -f latex > ThesisWSN.pyg)...executed.


("D:\Dropbox\Bjorn\Documents\GROEP T - MASTER\THESIS\Paper\ThesisWSN.pyg"
[9pdfTeX warning (ext4): destination with the same identifier (name{figure.7}) 
has been already used, duplicate ignored

\AtBegShi@Output ...ipout \box \AtBeginShipoutBox 
                                                  \fi \fi 
l.1 
    pdfTeX warning (ext4): destination with the same identifier (name{figure.8}
) has been already used, duplicate ignored

\AtBegShi@Output ...ipout \box \AtBeginShipoutBox 
                                                  \fi \fi 
l.1 
    pdfTeX warning (ext4): destination with the same identifier (name{table.5})
 has been already used, duplicate ignored

\AtBegShi@Output ...ipout \box \AtBeginShipoutBox 
                                                  \fi \fi 
l.1 
     <D:/Dropbox/Bjorn/Documents/GROEP T - MASTER/THESIS/Paper/Pictures/hiberna
te.png> <D:/Dropbox/Bjorn/Documents/GROEP T - MASTER/THESIS/Paper/Pictures/batt
ery2.png>])
runsystem(pygmentize  -f latex -o pp.cpp.out.pyg pp.cpp)...executed.


("D:\Dropbox\Bjorn\Documents\GROEP T - MASTER\THESIS\Paper\pp.cpp.out.pyg")

LaTeX Warning: Reference `appendixA' on page 10 undefined on input line 242.

)
("D:\Dropbox\Bjorn\Documents\GROEP T - MASTER\THESIS\Paper\Chapters\Chapter4.te
x"

Package natbib Warning: Citation `LIB_SLEEP' on page 10 undefined on input line
 6.

<./Pictures/fsm.png, id=579, 713.66624pt x 412.54124pt>
File: ./Pictures/fsm.png Graphic file (type png)

<use ./Pictures/fsm.png>
Package pdftex.def Info: ./Pictures/fsm.png used on input line 17.
(pdftex.def)             Requested size: 174.27615pt x 100.743pt.
 [10]

LaTeX Warning: Reference `fig:envA' on page 11 undefined on input line 24.

<./Pictures/appHeader.png, id=593, 1107.13625pt x 121.45375pt>
File: ./Pictures/appHeader.png Graphic file (type png)

<use ./Pictures/appHeader.png>
Package pdftex.def Info: ./Pictures/appHeader.png used on input line 42.
(pdftex.def)             Requested size: 239.001pt x 26.21767pt.
runsystem(pygmentize -S vs -f latex > ThesisWSN.pyg)...executed.


("D:\Dropbox\Bjorn\Documents\GROEP T - MASTER\THESIS\Paper\ThesisWSN.pyg")
runsystem(pygmentize  -f latex -o fp.cpp.out.pyg fp.cpp)...executed.


("D:\Dropbox\Bjorn\Documents\GROEP T - MASTER\THESIS\Paper\fp.cpp.out.pyg")
<./Pictures/avr.png, id=598, 370.38374pt x 407.5225pt>
File: ./Pictures/avr.png Graphic file (type png)

<use ./Pictures/avr.png>
Package pdftex.def Info: ./Pictures/avr.png used on input line 68.
(pdftex.def)             Requested size: 129.45729pt x 142.43602pt.
 [11pdfTeX warning (ext4): destination with the same identifier (name{figure.9}
) has been already used, duplicate ignored

\AtBegShi@Output ...ipout \box \AtBeginShipoutBox 
                                                  \fi \fi 
l.73 \paragraph{GNU Binutils: }
                               The next step is done by another open source ...
pdfTeX warning (ext4): destination with the same identifier (name{figure.10}) h
as been already used, duplicate ignored

\AtBegShi@Output ...ipout \box \AtBeginShipoutBox 
                                                  \fi \fi 
l.73 \paragraph{GNU Binutils: }
                               The next step is done by another open source ...
 <D:/Dropbox/Bjorn/Documents/GROEP T - MASTER/THESIS/Paper/Pictures/fsm.png> <D
:/Dropbox/Bjorn/Documents/GROEP T - MASTER/THESIS/Paper/Pictures/appHeader.png>
]
Underfull \hbox (badness 10000) in paragraph at lines 81--82
[]\OT1/pcr/m/n/10 char message[] = "An error message"
 []

<./Pictures/ram.png, id=615, 481.8pt x 152.57pt>
File: ./Pictures/ram.png Graphic file (type png)
 <use ./Pictures/ram.png>
Package pdftex.def Info: ./Pictures/ram.png used on input line 89.
(pdftex.def)             Requested size: 239.001pt x 75.68184pt.

Underfull \hbox (badness 10000) in paragraph at lines 86--94

 []

runsystem(pygmentize -S vs -f latex > ThesisWSN.pyg)...executed.

("D:\Dropbox\Bjorn\Documents\GROEP T - MASTER\THESIS\Paper\ThesisWSN.pyg"
Overfull \hbox (7.05351pt too wide) in paragraph at lines 95--1
\OT1/ptm/m/n/10 the amount of mem-ory []\OT1/pcr/m/n/10 USB.print("Test message
!")
 []

)
runsystem(pygmentize  -f latex -o mem1.cpp.out.pyg mem1.cpp)...executed.

 ("D:\Dropbox\Bjorn\Documents\GROEP T - MASTER\THESIS\Paper\mem1.cpp.out.pyg")
runsystem(pygmentize -S vs -f latex > ThesisWSN.pyg)...executed.

("D:\Dropbox\Bjorn\Documents\GROEP T - MASTER\THESIS\Paper\ThesisWSN.pyg")
runsystem(pygmentize  -f latex -o mem2.cpp.out.pyg mem2.cpp)...executed.


("D:\Dropbox\Bjorn\Documents\GROEP T - MASTER\THESIS\Paper\mem2.cpp.out.pyg"
[12pdfTeX warning (ext4): destination with the same identifier (name{figure.11}
) has been already used, duplicate ignored

\AtBegShi@Output ...ipout \box \AtBeginShipoutBox 
                                                  \fi \fi 
l.5 ...{=} \PY{l+s+sc}{\PYZsq{}s\PYZsq{}}\PY{p}{;}
                                                  pdfTeX warning (ext4): destin
ation with the same identifier (name{figure.12}) has been already used, duplica
te ignored

\AtBegShi@Output ...ipout \box \AtBeginShipoutBox 
                                                  \fi \fi 
l.5 ...{=} \PY{l+s+sc}{\PYZsq{}s\PYZsq{}}\PY{p}{;}
                                                   <D:/Dropbox/Bjorn/Documents/
GROEP T - MASTER/THESIS/Paper/Pictures/avr.png> <D:/Dropbox/Bjorn/Documents/GRO
EP T - MASTER/THESIS/Paper/Pictures/ram.png>])
Underfull \hbox (badness 10000) in paragraph at lines 107--109

 []


LaTeX Warning: Reference `appendixC' on page 13 undefined on input line 143.

<./Pictures/API2.png, id=634, 1070.0778pt x 364.7226pt>
File: ./Pictures/API2.png Graphic file (type png)

<use ./Pictures/API2.png>
Package pdftex.def Info: ./Pictures/API2.png used on input line 147.
(pdftex.def)             Requested size: 487.96262pt x 166.31633pt.

Underfull \hbox (badness 2753) in paragraph at lines 143--153
[] []|\OT1/ptm/b/n/10 4.4.2.1 Orig-i-nal struc-ture[] \OT1/ptm/m/n/10 Each mod-
ule or con-cept
 []


Overfull \hbox (27.34367pt too wide) in paragraph at lines 143--153
\OT1/ptm/m/n/10 hard-ware. For ex-am-ple []\OT1/pcr/m/n/10 typedef unsigned cha
r uint8_t
 []


Package natbib Warning: Overwriting existing alias for citation XBEE on input l
ine 162.

[13] [14pdfTeX warning (ext4): destination with the same identifier (name{figur
e.13}) has been already used, duplicate ignored

\AtBegShi@Output ...ipout \box \AtBeginShipoutBox 
                                                  \fi \fi 
l.185 \paragraph{Limit user control}
                                     <D:/Dropbox/Bjorn/Documents/GROEP T - MAST
ER/THESIS/Paper/Pictures/API2.png>]
Underfull \hbox (badness 10000) in paragraph at lines 193--199

 []


Underfull \hbox (badness 10000) in paragraph at lines 193--199

 []


Underfull \hbox (badness 2762) in paragraph at lines 209--211
[] []|\OT1/ptm/b/n/10 4.5.2.4 XBee sleep pa-ram-e-ters[] Router/-Co-or-di-na-to
r
 []

)
("D:\Dropbox\Bjorn\Documents\GROEP T - MASTER\THESIS\Paper\Chapters\Chapter5.te
x"
Missing character: There is no ‚ in font ptmr7t!
Missing character: There is no Ä in font ptmr7t!
Missing character: There is no ú in font ptmr7t!
Missing character: There is no ‚ in font ptmr7t!
Missing character: There is no Ä in font ptmr7t!
Missing character: There is no ù in font ptmr7t!
 [15]
Missing character: There is no ‚ in font ptmr7t!
Missing character: There is no Ä in font ptmr7t!
Missing character: There is no ú in font ptmr7t!
Missing character: There is no ‚ in font ptmr7t!
Missing character: There is no Ä in font ptmr7t!
Missing character: There is no ù in font ptmr7t!
Missing character: There is no ‚ in font ptmr7t!
Missing character: There is no Ä in font ptmr7t!
Missing character: There is no ô in font ptmr7t!

Overfull \hbox (40.58173pt too wide) in paragraph at lines 34--37
\OT1/ptm/m/n/10 ded linux de-vice such as the rasp-berry pi (http://www.raspber
rypi.org/).
 []

)
("D:\Dropbox\Bjorn\Documents\GROEP T - MASTER\THESIS\Paper\Chapters\Chapter6.te
x"
Underfull \vbox (badness 3612) has occurred while \output is active []

 [16])
("D:\Dropbox\Bjorn\Documents\GROEP T - MASTER\THESIS\Paper\ThesisWSN.bbl"
Underfull \hbox (badness 6236) in paragraph at lines 27--32
[]\OT1/ptm/m/n/10 Ilangko Bal-ans-ing-ham and Qin-qhua Wang.  \OT1/ptm/m/it/10 
Wire-
 []


Underfull \hbox (badness 4193) in paragraph at lines 27--32
\OT1/ptm/m/it/10 less Sen-sor Net-works: Ap-pli-ca-tion - Cen-tric De-
 []


Underfull \hbox (badness 3417) in paragraph at lines 27--32
\OT1/ptm/m/it/10 sign\OT1/ptm/m/n/10 .  Yen Kheng Tan, 2010.  Avail-able from:
 []


Underfull \hbox (badness 10000) in paragraph at lines 27--32
[]$\OT1/pcr/m/n/10 http : / / www . intechopen . com / books /
 []


Overfull \hbox (84.07423pt too wide) in paragraph at lines 27--32
\OT1/pcr/m/n/10 wireless-[]sensor-[]networks-[]application-[]centric-[]design /

 []


Overfull \hbox (14.07423pt too wide) in paragraph at lines 27--32
\OT1/pcr/m/n/10 wireless-[]sensor-[]networks-[]an-[]introduction$[]\OT1/ptm/m/n
/10 . 
 []


Underfull \hbox (badness 3954) in paragraph at lines 39--44
\OT1/ptm/m/it/10 ver-sity\OT1/ptm/m/n/10 , 2013.  []$\OT1/pcr/m/n/10 http : / /
 batteryuniversity .
 []


Underfull \hbox (badness 10000) in paragraph at lines 39--44
\OT1/pcr/m/n/10 com / learn / article / elevating _ self _
 []


Underfull \hbox (badness 10000) in paragraph at lines 66--69
[]\OT1/ptm/m/n/10 Sahan Fara-hani.  \OT1/ptm/m/it/10 Zig-Bee Wirlesss Net-works
 and
 []


Underfull \hbox (badness 1688) in paragraph at lines 81--85
[]\OT1/ptm/m/n/10 WSN Re-search Group.  Li-belium launches new gen-
 []


Underfull \hbox (badness 4205) in paragraph at lines 81--85
\OT1/ptm/m/n/10 er-a-tion of wasp-mote sen-sor nodes.  April 2013.
 []


Underfull \hbox (badness 10000) in paragraph at lines 81--85
[]$\OT1/pcr/m/n/10 http : / / www . sensor-[]networks . org / index .
 []


Underfull \hbox (badness 10000) in paragraph at lines 87--92
[]\OT1/ptm/m/n/10 Cooking Hacks.  Wire-less sen-sor net-works open
 []


Underfull \hbox (badness 10000) in paragraph at lines 87--92
\OT1/ptm/m/n/10 source plat-form.  Febru-ary 2013.  []$\OT1/pcr/m/n/10 http :
 []


Underfull \hbox (badness 10000) in paragraph at lines 87--92
\OT1/pcr/m/n/10 / / www . cooking-[]hacks . com / index . php /
 []

) [17]
("D:\Dropbox\Bjorn\Documents\GROEP T - MASTER\THESIS\Paper\Appendices\AppendixA
.tex" <./Pictures/stack.png, id=699, 369.38pt x 265.99374pt>
File: ./Pictures/stack.png Graphic file (type png)

<use ./Pictures/stack.png>
Package pdftex.def Info: ./Pictures/stack.png used on input line 7.
(pdftex.def)             Requested size: 239.001pt x 172.10648pt.

Underfull \hbox (badness 10000) in paragraph at lines 14--16

 []

<./Pictures/floors1.png, id=700, 712.6625pt x 248.93pt>
File: ./Pictures/floors1.png Graphic file (type png)

<use ./Pictures/floors1.png>
Package pdftex.def Info: ./Pictures/floors1.png used on input line 27.
(pdftex.def)             Requested size: 448.02281pt x 156.49014pt.

<./Pictures/floors2.png, id=701, 714.67pt x 1049.9225pt>
File: ./Pictures/floors2.png Graphic file (type png)

<use ./Pictures/floors2.png>
Package pdftex.def Info: ./Pictures/floors2.png used on input line 33.
(pdftex.def)             Requested size: 445.4681pt x 654.41338pt.

Underfull \vbox (badness 7099) has occurred while \output is active []

 [18

pdfTeX warning (ext4): destination with the same identifier (name{figure.14}) h
as been already used, duplicate ignored

\AtBegShi@Output ...ipout \box \AtBeginShipoutBox 
                                                  \fi \fi 
l.39 \subsection
                {First time reduction}pdfTeX warning (ext4): destination with t
he same identifier (name{figure.15}) has been already used, duplicate ignored

\AtBegShi@Output ...ipout \box \AtBeginShipoutBox 
                                                  \fi \fi 
l.39 \subsection
                {First time reduction} <D:/Dropbox/Bjorn/Documents/GROEP T - MA
STER/THESIS/Paper/Pictures/stack.png> <D:/Dropbox/Bjorn/Documents/GROEP T - MAS
TER/THESIS/Paper/Pictures/floors1.png>] [19pdfTeX warning (ext4): destination w
ith the same identifier (name{figure.16}) has been already used, duplicate igno
red

\AtBegShi@Output ...ipout \box \AtBeginShipoutBox 
                                                  \fi \fi 
l.39 \subsection
                {First time reduction} <D:/Dropbox/Bjorn/Documents/GROEP T - MA
STER/THESIS/Paper/Pictures/floors2.png>]
Underfull \hbox (badness 10000) in paragraph at lines 41--42

 []

<./Pictures/floors3.png, id=717, 623.32875pt x 425.59pt>
File: ./Pictures/floors3.png Graphic file (type png)

<use ./Pictures/floors3.png>
Package pdftex.def Info: ./Pictures/floors3.png used on input line 56.
(pdftex.def)             Requested size: 437.58263pt x 298.75394pt.
 [20pdfTeX warning (ext4): destination with the same identifier (name{figure.17
}) has been already used, duplicate ignored

\AtBegShi@Output ...ipout \box \AtBeginShipoutBox 
                                                  \fi \fi 
l.64 \subsection
                {Second time reduction} <D:/Dropbox/Bjorn/Documents/GROEP T - M
ASTER/THESIS/Paper/Pictures/floors3.png>]
Underfull \hbox (badness 10000) in paragraph at lines 66--67

 []

<./Pictures/joinTimes.png, id=727, 550.055pt x 449.68pt>
File: ./Pictures/joinTimes.png Graphic file (type png)

<use ./Pictures/joinTimes.png>
Package pdftex.def Info: ./Pictures/joinTimes.png used on input line 79.
(pdftex.def)             Requested size: 365.45465pt x 298.75394pt.
 [21pdfTeX warning (ext4): destination with the same identifier (name{figure.18
}) has been already used, duplicate ignored

\AtBegShi@Output ...ipout \box \AtBeginShipoutBox 
                                                  \fi \fi 
l.86 \subsection
                {Sensor measuring experiments} <D:/Dropbox/Bjorn/Documents/GROE
P T - MASTER/THESIS/Paper/Pictures/joinTimes.png>]
<./Pictures/temperatures.png, id=737, 797.98125pt x 747.79375pt>
File: ./Pictures/temperatures.png Graphic file (type png)

<use ./Pictures/temperatures.png>
Package pdftex.def Info: ./Pictures/temperatures.png used on input line 106.
(pdftex.def)             Requested size: 455.43849pt x 426.79134pt.
 [22pdfTeX warning (ext4): destination with the same identifier (name{figure.19
}) has been already used, duplicate ignored

\AtBegShi@Output ...ipout \box \AtBeginShipoutBox 
                                                  \fi \fi 
l.113 \subsubsection
                    {Humidity measurements with and without delay between th...
 <D:/Dropbox/Bjorn/Documents/GROEP T - MASTER/THESIS/Paper/Pictures/temperature
s.png>] <./Pictures/humidities.png, id=743, 797.98125pt x 747.79375pt>
File: ./Pictures/humidities.png Graphic file (type png)

<use ./Pictures/humidities.png>
Package pdftex.def Info: ./Pictures/humidities.png used on input line 131.
(pdftex.def)             Requested size: 455.43849pt x 426.79134pt.
 [23pdfTeX warning (ext4): destination with the same identifier (name{figure.20
}) has been already used, duplicate ignored

\AtBegShi@Output ...ipout \box \AtBeginShipoutBox 
                                                  \fi \fi 
l.138 \subsubsection
                    {Pressure measurements with and without delay between th...
 <D:/Dropbox/Bjorn/Documents/GROEP T - MASTER/THESIS/Paper/Pictures/humidities.
png>] <./Pictures/pressures.png, id=749, 797.98125pt x 747.79375pt>
File: ./Pictures/pressures.png Graphic file (type png)

<use ./Pictures/pressures.png>
Package pdftex.def Info: ./Pictures/pressures.png used on input line 156.
(pdftex.def)             Requested size: 455.43849pt x 426.79134pt.
 [24pdfTeX warning (ext4): destination with the same identifier (name{figure.21
}) has been already used, duplicate ignored

\AtBegShi@Output ...ipout \box \AtBeginShipoutBox 
                                                  \fi \fi 
l.163 \subsubsection
                    {Pressure measurements with and without delay between th...
 <D:/Dropbox/Bjorn/Documents/GROEP T - MASTER/THESIS/Paper/Pictures/pressures.p
ng>] <./Pictures/batteries.png, id=755, 797.98125pt x 747.79375pt>
File: ./Pictures/batteries.png Graphic file (type png)

<use ./Pictures/batteries.png>
Package pdftex.def Info: ./Pictures/batteries.png used on input line 179.
(pdftex.def)             Requested size: 455.43849pt x 426.79134pt.
)
("D:\Dropbox\Bjorn\Documents\GROEP T - MASTER\THESIS\Paper\Appendices\AppendixB
.tex" [25pdfTeX warning (ext4): destination with the same identifier (name{figu
re.22}) has been already used, duplicate ignored

\AtBegShi@Output ...ipout \box \AtBeginShipoutBox 
                                                  \fi \fi 
l.2 \clearpage
               <D:/Dropbox/Bjorn/Documents/GROEP T - MASTER/THESIS/Paper/Pictur
es/batteries.png>] <./Pictures/block.png, id=762, 887.315pt x 768.8725pt>
File: ./Pictures/block.png Graphic file (type png)

<use ./Pictures/block.png>
Package pdftex.def Info: ./Pictures/block.png used on input line 8.
(pdftex.def)             Requested size: 459.71405pt x 398.33858pt.

Underfull \vbox (badness 10000) has occurred while \output is active []

 [26

pdfTeX warning (ext4): destination with the same identifier (name{figure.23}) h
as been already used, duplicate ignored

\AtBegShi@Output ...ipout \box \AtBeginShipoutBox 
                                                  \fi \fi 
l.16 \subsection
                {AVR CPU Core Block Diagram} <D:/Dropbox/Bjorn/Documents/GROEP 
T - MASTER/THESIS/Paper/Pictures/block.png>]
<./Pictures/architecture.png, id=768, 728.7225pt x 726.715pt>
File: ./Pictures/architecture.png Graphic file (type png)

<use ./Pictures/architecture.png>
Package pdftex.def Info: ./Pictures/architecture.png used on input line 20.
(pdftex.def)             Requested size: 399.44205pt x 398.33858pt.
)
("D:\Dropbox\Bjorn\Documents\GROEP T - MASTER\THESIS\Paper\Appendices\AppendixC
.tex" [27pdfTeX warning (ext4): destination with the same identifier (name{figu
re.24}) has been already used, duplicate ignored

\AtBegShi@Output ...ipout \box \AtBeginShipoutBox 
                                                  \fi \fi 
l.2 \newpage
             <D:/Dropbox/Bjorn/Documents/GROEP T - MASTER/THESIS/Paper/Pictures
/architecture.png>])
("D:\Dropbox\Bjorn\Documents\GROEP T - MASTER\THESIS\Paper\Appendices\AppendixD
.tex"
Underfull \vbox (badness 10000) has occurred while \output is active []

 [28

pdfTeX warning (ext4): destination with the same identifier (name{table.6}) has
 been already used, duplicate ignored

\AtBegShi@Output ...ipout \box \AtBeginShipoutBox 
                                                  \fi \fi 
l.3 \section
            {Waspmote Battery Life Analysis}pdfTeX warning (ext4): destination 
with the same identifier (name{table.7}) has been already used, duplicate ignor
ed

\AtBegShi@Output ...ipout \box \AtBeginShipoutBox 
                                                  \fi \fi 
l.3 \section
            {Waspmote Battery Life Analysis}]
<./Pictures/batCalcHP.png, id=784, 629.35126pt x 391.4625pt>
File: ./Pictures/batCalcHP.png Graphic file (type png)

<use ./Pictures/batCalcHP.png>
Package pdftex.def Info: ./Pictures/batCalcHP.png used on input line 12.
(pdftex.def)             Requested size: 365.94588pt x 227.62204pt.

<./Pictures/battery1.png, id=785, 621.32124pt x 391.4625pt>
File: ./Pictures/battery1.png Graphic file (type png)

<use ./Pictures/battery1.png>
Package pdftex.def Info: ./Pictures/battery1.png used on input line 19.
(pdftex.def)             Requested size: 361.27672pt x 227.62204pt.

<./Pictures/cons1.png, id=786, 868.24374pt x 1102.1175pt>
File: ./Pictures/cons1.png Graphic file (type png)

<use ./Pictures/cons1.png>
Package pdftex.def Info: ./Pictures/cons1.png used on input line 26.
(pdftex.def)             Requested size: 515.5582pt x 654.41338pt.

Overfull \hbox (17.63498pt too wide) in paragraph at lines 26--27
 [][] 
 []


Underfull \vbox (badness 10000) has occurred while \output is active []

 [29pdfTeX warning (ext4): destination with the same identifier (name{figure.25
}) has been already used, duplicate ignored

\AtBegShi@Output ...ipout \box \AtBeginShipoutBox 
                                                  \fi \fi 
l.32 ...on{Power Saver Mode, without ZigBee sleep}
                                                  pdfTeX warning (ext4): destin
ation with the same identifier (name{figure.26}) has been already used, duplica
te ignored

\AtBegShi@Output ...ipout \box \AtBeginShipoutBox 
                                                  \fi \fi 
l.32 ...on{Power Saver Mode, without ZigBee sleep}
                                                   <D:/Dropbox/Bjorn/Documents/
GROEP T - MASTER/THESIS/Paper/Pictures/batCalcHP.png> <D:/Dropbox/Bjorn/Documen
ts/GROEP T - MASTER/THESIS/Paper/Pictures/battery1.png>] [30pdfTeX warning (ext
4): destination with the same identifier (name{figure.27}) has been already use
d, duplicate ignored

\AtBegShi@Output ...ipout \box \AtBeginShipoutBox 
                                                  \fi \fi 
l.32 ...on{Power Saver Mode, without ZigBee sleep}
                                                   <D:/Dropbox/Bjorn/Documents/
GROEP T - MASTER/THESIS/Paper/Pictures/cons1.png>]
File: ./Pictures/battery2.png Graphic file (type png)

<use ./Pictures/battery2.png>
Package pdftex.def Info: ./Pictures/battery2.png used on input line 36.
(pdftex.def)             Requested size: 404.50156pt x 227.62204pt.

<./Pictures/battery3.png, id=801, 621.32124pt x 351.3125pt>
File: ./Pictures/battery3.png Graphic file (type png)

<use ./Pictures/battery3.png>
Package pdftex.def Info: ./Pictures/battery3.png used on input line 44.
(pdftex.def)             Requested size: 402.57414pt x 227.62204pt.

<./Pictures/cons2.png, id=802, 908.39375pt x 894.34125pt>
File: ./Pictures/cons2.png Graphic file (type png)

<use ./Pictures/cons2.png>
Package pdftex.def Info: ./Pictures/cons2.png used on input line 98.
(pdftex.def)             Requested size: 520.20163pt x 512.1496pt.

Overfull \hbox (22.27841pt too wide) in paragraph at lines 98--99
 [][] 
 []


Underfull \vbox (badness 10000) has occurred while \output is active []

 [31pdfTeX warning (ext4): destination with the same identifier (name{figure.28
}) has been already used, duplicate ignored

\AtBegShi@Output ...ipout \box \AtBeginShipoutBox 
                                                  \fi \fi 
l.103 \clearpage
                pdfTeX warning (ext4): destination with the same identifier (na
me{figure.29}) has been already used, duplicate ignored

\AtBegShi@Output ...ipout \box \AtBeginShipoutBox 
                                                  \fi \fi 
l.103 \clearpage
                 <D:/Dropbox/Bjorn/Documents/GROEP T - MASTER/THESIS/Paper/Pict
ures/battery3.png>] [32pdfTeX warning (ext4): destination with the same identif
ier (name{table.8}) has been already used, duplicate ignored

\AtBegShi@Output ...ipout \box \AtBeginShipoutBox 
                                                  \fi \fi 
l.103 \clearpage
                pdfTeX warning (ext4): destination with the same identifier (na
me{table.9}) has been already used, duplicate ignored

\AtBegShi@Output ...ipout \box \AtBeginShipoutBox 
                                                  \fi \fi 
l.103 \clearpage
                ] [33pdfTeX warning (ext4): destination with the same identifie
r (name{figure.30}) has been already used, duplicate ignored

\AtBegShi@Output ...ipout \box \AtBeginShipoutBox 
                                                  \fi \fi 
l.103 \clearpage
                 <D:/Dropbox/Bjorn/Documents/GROEP T - MASTER/THESIS/Paper/Pict
ures/cons2.png>])
("D:\Dropbox\Bjorn\Documents\GROEP T - MASTER\THESIS\Paper\Appendices\AppendixE
.tex" [34

] <./Pictures/WSN2.png, id=821, 603.0028pt x 762.59906pt>
File: ./Pictures/WSN2.png Graphic file (type png)

<use ./Pictures/WSN2.png>
Package pdftex.def Info: ./Pictures/WSN2.png used on input line 9.
(pdftex.def)             Requested size: 404.98509pt x 512.1496pt.
)
("D:\Dropbox\Bjorn\Documents\GROEP T - MASTER\THESIS\Paper\Appendices\AppendixF
.tex" [35

pdfTeX warning (ext4): destination with the same identifier (name{figure.31}) h
as been already used, duplicate ignored

\AtBegShi@Output ...ipout \box \AtBeginShipoutBox 
                                                  \fi \fi 
l.1 \clearpage
               <D:/Dropbox/Bjorn/Documents/GROEP T - MASTER/THESIS/Paper/Pictur
es/WSN2.png>] <./Pictures/api3.png, id=827, 239.89626pt x 275.0275pt>
File: ./Pictures/api3.png Graphic file (type png)

<use ./Pictures/api3.png>
Package pdftex.def Info: ./Pictures/api3.png used on input line 8.
(pdftex.def)             Requested size: 248.20503pt x 284.52756pt.
 [36

pdfTeX warning (ext4): destination with the same identifier (name{figure.32}) h
as been already used, duplicate ignored

\AtBegShi@Output ...ipout \box \AtBeginShipoutBox 
                                                  \fi \fi 
l.12 \clearpage
                <D:/Dropbox/Bjorn/Documents/GROEP T - MASTER/THESIS/Paper/Pictu
res/api3.png>] <./Pictures/api4.png, id=834, 777.90625pt x 1068.99374pt>
File: ./Pictures/api4.png Graphic file (type png)

<use ./Pictures/api4.png>
Package pdftex.def Info: ./Pictures/api4.png used on input line 18.
(pdftex.def)             Requested size: 372.7023pt x 512.1496pt.
 [37

pdfTeX warning (ext4): destination with the same identifier (name{figure.33}) h
as been already used, duplicate ignored

\AtBegShi@Output ...ipout \box \AtBeginShipoutBox 
                                                  \fi \fi 
l.22 \clearpage
                <D:/Dropbox/Bjorn/Documents/GROEP T - MASTER/THESIS/Paper/Pictu
res/api4.png>] <./Pictures/api5.png, id=841, 774.895pt x 740.7675pt>
File: ./Pictures/api5.png Graphic file (type png)

<use ./Pictures/api5.png>
Package pdftex.def Info: ./Pictures/api5.png used on input line 28.
(pdftex.def)             Requested size: 476.22061pt x 455.24408pt.
 [38

pdfTeX warning (ext4): destination with the same identifier (name{figure.34}) h
as been already used, duplicate ignored

\AtBegShi@Output ...ipout \box \AtBeginShipoutBox 
                                                  \fi \fi 
l.32 \clearpage
                <D:/Dropbox/Bjorn/Documents/GROEP T - MASTER/THESIS/Paper/Pictu
res/api5.png>] <./Pictures/frames.png, id=847, 1187.43625pt x 658.46pt>
File: ./Pictures/frames.png Graphic file (type png)

<use ./Pictures/frames.png>
Package pdftex.def Info: ./Pictures/frames.png used on input line 38.
(pdftex.def)             Requested size: 513.10616pt x 284.52756pt.

Overfull \hbox (15.18294pt too wide) in paragraph at lines 38--39
 [][] 
 []

[39

pdfTeX warning (ext4): destination with the same identifier (name{figure.35}) h
as been already used, duplicate ignored

\AtBegShi@Output ...ipout \box \AtBeginShipoutBox 
                                                  \fi \fi 
l.42 \clearpage
                <D:/Dropbox/Bjorn/Documents/GROEP T - MASTER/THESIS/Paper/Pictu
res/frames.png>] <./Pictures/temp.png, id=853, 1442.38875pt x 816.04875pt>
File: ./Pictures/temp.png Graphic file (type png)

<use ./Pictures/temp.png>
Package pdftex.def Info: ./Pictures/temp.png used on input line 49.
(pdftex.def)             Requested size: 502.90683pt x 284.52756pt.

Overfull \hbox (4.98361pt too wide) in paragraph at lines 49--50
 [][] 
 []

)
("D:\Dropbox\Bjorn\Documents\GROEP T - MASTER\THESIS\Paper\Appendices\AppendixG
.tex"
Underfull \hbox (badness 10000) in paragraph at lines 6--7

 []


Underfull \hbox (badness 10000) in paragraph at lines 7--8

 []


Underfull \hbox (badness 10000) in paragraph at lines 8--9

 []


Underfull \hbox (badness 10000) in paragraph at lines 9--10

 []


Underfull \hbox (badness 10000) in paragraph at lines 10--11

 []


Underfull \hbox (badness 10000) in paragraph at lines 11--12

 []


Underfull \hbox (badness 10000) in paragraph at lines 12--13

 []


Underfull \hbox (badness 10000) in paragraph at lines 13--14

 []


Underfull \hbox (badness 10000) in paragraph at lines 14--15

 []


LaTeX Warning: Reference `http://www.libelium.com/development-v11/?product=wasp
mote&zone=tutorial0004' on page 40 undefined on input line 16.


LaTeX Warning: Reference `http://www.libelium.com/forum/viewtopic.php?f=14&t=77
00' on page 40 undefined on input line 17.


Underfull \vbox (badness 5519) has occurred while \output is active []

 [40

pdfTeX warning (ext4): destination with the same identifier (name{figure.36}) h
as been already used, duplicate ignored

\AtBegShi@Output ...ipout \box \AtBeginShipoutBox 
                                                  \fi \fi 
l.21 \item  R
             emove the 'Programming enabling jumper' in order to reduce the ...
 <D:/Dropbox/Bjorn/Documents/GROEP T - MASTER/THESIS/Paper/Pictures/temp.png>])

Package natbib Warning: There were undefined citations.

Package atveryend Info: Empty hook `BeforeClearDocument' on input line 186.
[41]
Package atveryend Info: Empty hook `AfterLastShipout' on input line 186.
 ("D:\Dropbox\Bjorn\Documents\GROEP T - MASTER\THESIS\Paper\ThesisWSN.aux")
Package atveryend Info: Executing hook `AtVeryEndDocument' on input line 186.
Package atveryend Info: Executing hook `AtEndAfterFileList' on input line 186.
Package rerunfilecheck Info: File `ThesisWSN.out' has not changed.
(rerunfilecheck)             Checksum: B4C0C10FFA0A508D2E5D922EDCD8555A;6939.

LaTeX Warning: There were undefined references.


LaTeX Warning: There were multiply-defined labels.

 ) 
Here is how much of TeX's memory you used:
 10036 strings out of 494045
 147427 string characters out of 3145969
 245930 words of memory out of 3000000
 12775 multiletter control sequences out of 15000+200000
 33254 words of font info for 75 fonts, out of 3000000 for 9000
 715 hyphenation exceptions out of 8191
 30i,12n,32p,1945b,473s stack positions out of 5000i,500n,10000p,200000b,50000s
{C:/Program Files (x86)/MiKTeX 2.9/fonts/enc/dvips/fontname/8r.enc}<C:/Progra
m Files (x86)/MiKTeX 2.9/fonts/type1/public/amsfonts/cm/cmmi10.pfb><C:/Program 
Files (x86)/MiKTeX 2.9/fonts/type1/public/amsfonts/cm/cmmi9.pfb><C:/Program Fil
es (x86)/MiKTeX 2.9/fonts/type1/public/amsfonts/cm/cmr10.pfb><C:/Program Files 
(x86)/MiKTeX 2.9/fonts/type1/public/amsfonts/cm/cmr7.pfb><C:/Program Files (x86
)/MiKTeX 2.9/fonts/type1/public/amsfonts/cm/cmsy10.pfb><C:/Program Files (x86)/
MiKTeX 2.9/fonts/type1/urw/courier/ucrr8a.pfb><C:/Program Files (x86)/MiKTeX 2.
9/fonts/type1/urw/times/utmb8a.pfb><C:/Program Files (x86)/MiKTeX 2.9/fonts/typ
e1/urw/times/utmr8a.pfb><C:/Program Files (x86)/MiKTeX 2.9/fonts/type1/urw/time
s/utmr8a.pfb><C:/Program Files (x86)/MiKTeX 2.9/fonts/type1/urw/times/utmri8a.p
fb>
Output written on ThesisWSN.pdf (41 pages, 4835199 bytes).
PDF statistics:
 960 PDF objects out of 1000 (max. 8388607)
 269 named destinations out of 1000 (max. 500000)
 911 words of extra memory for PDF output out of 10000 (max. 10000000)

