\BOOKMARK [0][-]{dummy.1}{\376\377\000A\000b\000s\000t\000r\000a\000c\000t}{}% 1
\BOOKMARK [0][-]{dummy.3}{\376\377\000L\000i\000s\000t\000\040\000o\000f\000\040\000F\000i\000g\000u\000r\000e\000s}{}% 2
\BOOKMARK [0][-]{dummy.5}{\376\377\000A\000b\000b\000r\000e\000v\000i\000a\000t\000i\000o\000n\000s}{}% 3
\BOOKMARK [0][-]{chapter.8}{\376\377\0001\000\040\000I\000n\000t\000r\000o\000d\000u\000c\000t\000i\000o\000n\000\040\000t\000o\000\040\000W\000i\000r\000e\000l\000e\000s\000s\000\040\000S\000e\000n\000s\000o\000r\000\040\000N\000e\000t\000w\000o\000r\000k\000s}{}% 4
\BOOKMARK [1][-]{section.9}{\376\377\0001\000.\0001\000\040\000I\000n\000t\000r\000o\000d\000u\000c\000t\000i\000o\000n}{chapter.8}% 5
\BOOKMARK [1][-]{section.11}{\376\377\0001\000.\0002\000\040\000S\000o\000u\000n\000d\000\040\000c\000h\000a\000r\000a\000c\000t\000e\000r\000i\000s\000t\000i\000c\000s}{chapter.8}% 6
\BOOKMARK [2][-]{subsection.12}{\376\377\0001\000.\0002\000.\0001\000\040\000P\000i\000t\000c\000h\000\040\000a\000n\000d\000\040\000t\000o\000n\000e}{section.11}% 7
\BOOKMARK [2][-]{subsection.13}{\376\377\0001\000.\0002\000.\0002\000\040\000T\000i\000m\000b\000r\000e}{section.11}% 8
\BOOKMARK [3][-]{subsubsection.14}{\376\377\0001\000.\0002\000.\0002\000.\0001\000\040\000S\000p\000e\000c\000t\000r\000a\000l\000\040\000d\000i\000a\000g\000r\000a\000m}{subsection.13}% 9
\BOOKMARK [0][-]{chapter.17}{\376\377\0002\000\040\000W\000h\000y\000\040\000Z\000i\000g\000B\000e\000e}{}% 10
\BOOKMARK [1][-]{section.18}{\376\377\0002\000.\0001\000\040\000I\000n\000t\000r\000o\000d\000u\000c\000t\000i\000o\000n}{chapter.17}% 11
\BOOKMARK [2][-]{subsection.19}{\376\377\0002\000.\0001\000.\0001\000\040\000B\000a\000s\000i\000c\000\040\000c\000o\000n\000c\000e\000p\000t\000s\000\040\000o\000f\000\040\000m\000o\000d\000u\000l\000a\000t\000i\000o\000n\000\040\000s\000y\000n\000t\000h\000e\000s\000i\000s}{section.18}% 12
\BOOKMARK [2][-]{subsection.21}{\376\377\0002\000.\0001\000.\0002\000\040\000O\000s\000c\000i\000l\000l\000a\000t\000o\000r\000s\000\040\000a\000n\000d\000\040\000o\000p\000e\000r\000a\000t\000o\000r\000s}{section.18}% 13
\BOOKMARK [2][-]{subsection.22}{\376\377\0002\000.\0001\000.\0003\000\040\000W\000a\000v\000e\000f\000o\000r\000m\000s}{section.18}% 14
\BOOKMARK [1][-]{section.32}{\376\377\0002\000.\0002\000\040\000M\000a\000t\000h\000e\000m\000a\000t\000i\000c\000a\000l\000\040\000a\000p\000p\000r\000o\000a\000c\000h}{chapter.17}% 15
\BOOKMARK [1][-]{section.47}{\376\377\0002\000.\0003\000\040\000B\000a\000n\000d\000w\000i\000d\000t\000h\000\040\000c\000o\000n\000s\000i\000d\000e\000r\000a\000t\000i\000o\000n\000s}{chapter.17}% 16
\BOOKMARK [1][-]{section.49}{\376\377\0002\000.\0004\000\040\000P\000r\000a\000c\000t\000i\000c\000a\000l\000\040\000i\000m\000p\000l\000e\000m\000e\000n\000t\000a\000t\000i\000o\000n}{chapter.17}% 17
\BOOKMARK [1][-]{section.51}{\376\377\0002\000.\0005\000\040\000S\000u\000m\000m\000a\000r\000y}{chapter.17}% 18
\BOOKMARK [0][-]{chapter.52}{\376\377\0003\000\040\000Z\000i\000g\000B\000e\000e\000\040\000n\000e\000t\000w\000o\000r\000k\000:\000\040\000W\000a\000s\000p\000m\000o\000t\000e\000s}{}% 19
\BOOKMARK [1][-]{section.53}{\376\377\0003\000.\0001\000\040\000P\000o\000w\000e\000r\000\040\000c\000o\000n\000s\000i\000d\000e\000r\000a\000t\000i\000o\000n\000s}{chapter.52}% 20
\BOOKMARK [2][-]{subsection.54}{\376\377\0003\000.\0001\000.\0001\000\040\000W\000a\000s\000p\000m\000o\000t\000e\000\040\000p\000o\000w\000e\000r\000\040\000m\000o\000d\000e\000s}{section.53}% 21
\BOOKMARK [3][-]{subsubsection.56}{\376\377\0003\000.\0001\000.\0001\000.\0001\000\040\000D\000e\000e\000p\000\040\000S\000l\000e\000e\000p}{subsection.54}% 22
\BOOKMARK [3][-]{subsubsection.58}{\376\377\0003\000.\0001\000.\0001\000.\0002\000\040\000H\000i\000b\000e\000r\000n\000a\000t\000e}{subsection.54}% 23
\BOOKMARK [2][-]{subsection.60}{\376\377\0003\000.\0001\000.\0002\000\040\000S\000a\000m\000p\000l\000i\000n\000g\000\040\000s\000e\000n\000s\000o\000r\000s}{section.53}% 24
\BOOKMARK [2][-]{subsection.61}{\376\377\0003\000.\0001\000.\0003\000\040\000B\000a\000t\000t\000e\000r\000y\000\040\000l\000i\000f\000e\000\040\000e\000s\000t\000i\000m\000a\000t\000i\000o\000n}{section.53}% 25
\BOOKMARK [3][-]{subsubsection.63}{\376\377\0003\000.\0001\000.\0003\000.\0001\000\040\000X\000B\000e\000e\000\040\000a\000n\000d\000\040\000W\000a\000s\000p\000m\000o\000t\000e\000\040\000s\000t\000a\000r\000t\000-\000u\000p\000\040\000t\000i\000m\000e\000s}{subsection.61}% 26
\BOOKMARK [3][-]{subsubsection.70}{\376\377\0003\000.\0001\000.\0003\000.\0002\000\040\000B\000a\000t\000t\000e\000r\000y\000\040\000l\000i\000f\000e\000\040\000w\000i\000t\000h\000\040\000s\000t\000a\000n\000d\000a\000r\000d\000\040\000p\000r\000o\000g\000r\000a\000m\000\040\000o\000p\000t\000i\000m\000i\000z\000a\000t\000i\000o\000n\000s}{subsection.61}% 27
\BOOKMARK [3][-]{subsubsection.74}{\376\377\0003\000.\0001\000.\0003\000.\0003\000\040\000B\000a\000t\000t\000e\000r\000y\000\040\000l\000i\000f\000e\000\040\000w\000i\000t\000h\000\040\000e\000x\000t\000r\000a\000\040\000o\000p\000t\000i\000m\000i\000z\000a\000t\000i\000o\000n\000s}{subsection.61}% 28
\BOOKMARK [2][-]{subsection.77}{\376\377\0003\000.\0001\000.\0004\000\040\000D\000e\000v\000i\000c\000e\000\040\000s\000t\000a\000r\000t\000-\000u\000p}{section.53}% 29
\BOOKMARK [3][-]{subsubsection.78}{\376\377\0003\000.\0001\000.\0004\000.\0001\000\040\000F\000u\000l\000l\000\040\000i\000n\000i\000t\000i\000a\000l\000i\000z\000a\000t\000i\000o\000n}{subsection.77}% 30
\BOOKMARK [3][-]{subsubsection.79}{\376\377\0003\000.\0001\000.\0004\000.\0002\000\040\000R\000e\000d\000u\000c\000e\000d\000\040\000i\000n\000i\000t\000i\000a\000l\000i\000z\000a\000t\000i\000o\000n}{subsection.77}% 31
\BOOKMARK [1][-]{section.80}{\376\377\0003\000.\0002\000\040\000P\000o\000w\000e\000r\000\040\000s\000a\000v\000i\000n\000g\000s}{chapter.52}% 32
\BOOKMARK [2][-]{subsection.81}{\376\377\0003\000.\0002\000.\0001\000\040\000I\000n\000\040\000t\000h\000e\000\040\000a\000l\000g\000o\000r\000i\000t\000h\000m}{section.80}% 33
\BOOKMARK [2][-]{subsection.82}{\376\377\0003\000.\0002\000.\0002\000\040\000S\000l\000e\000e\000p\000\040\000v\000s\000.\000\040\000H\000i\000b\000e\000r\000n\000a\000t\000e}{section.80}% 34
\BOOKMARK [2][-]{subsection.83}{\376\377\0003\000.\0002\000.\0003\000\040\000V\000a\000r\000i\000a\000b\000l\000e\000\040\000s\000l\000e\000e\000p\000\040\000t\000i\000m\000e\000s}{section.80}% 35
\BOOKMARK [3][-]{subsubsection.84}{\376\377\0003\000.\0002\000.\0003\000.\0001\000\040\000C\000a\000l\000c\000u\000l\000a\000t\000e\000\040\000o\000n\000l\000y\000\040\000t\000h\000e\000\040\000n\000e\000x\000t\000\040\000t\000i\000m\000e\000\040\000t\000o\000\040\000s\000l\000e\000e\000p}{subsection.83}% 36
\BOOKMARK [3][-]{subsubsection.90}{\376\377\0003\000.\0002\000.\0003\000.\0002\000\040\000C\000a\000l\000c\000u\000l\000a\000t\000e\000\040\000a\000l\000l\000\040\000n\000e\000x\000t\000\040\000t\000i\000m\000e\000s\000\040\000t\000o\000\040\000s\000l\000e\000e\000p}{subsection.83}% 37
\BOOKMARK [3][-]{subsubsection.91}{\376\377\0003\000.\0002\000.\0003\000.\0003\000\040\000L\000i\000m\000i\000t\000\040\000u\000s\000e\000r\000\040\000c\000o\000n\000t\000r\000o\000l}{subsection.83}% 38
\BOOKMARK [2][-]{subsection.93}{\376\377\0003\000.\0002\000.\0004\000\040\000M\000a\000t\000h\000e\000m\000a\000t\000i\000c\000a\000l\000\040\000e\000q\000u\000a\000t\000i\000o\000n\000s}{section.80}% 39
\BOOKMARK [2][-]{subsection.98}{\376\377\0003\000.\0002\000.\0005\000\040\000E\000n\000v\000e\000l\000o\000p\000e\000s\000\040\000a\000n\000d\000\040\000m\000o\000d\000u\000l\000a\000t\000i\000o\000n}{section.80}% 40
\BOOKMARK [2][-]{subsection.99}{\376\377\0003\000.\0002\000.\0006\000\040\000E\000n\000v\000e\000l\000o\000p\000e\000s\000\040\000i\000n\000\040\000t\000h\000e\000\040\000p\000r\000o\000g\000r\000a\000m}{section.80}% 41
\BOOKMARK [2][-]{subsection.100}{\376\377\0003\000.\0002\000.\0007\000\040\000P\000r\000o\000b\000l\000e\000m\000s\000\040\000t\000h\000a\000t\000\040\000o\000c\000c\000u\000r\000r\000e\000d\000\040\000d\000u\000r\000i\000n\000g\000\040\000t\000h\000e\000\040\000c\000o\000u\000r\000s\000e\000\040\000o\000f\000\040\000t\000h\000e\000\040\000p\000r\000o\000j\000e\000c\000t}{section.80}% 42
\BOOKMARK [1][-]{section.102}{\376\377\0003\000.\0003\000\040\000K\000e\000y\000b\000o\000a\000r\000d\000\040\000c\000o\000n\000t\000r\000o\000l}{chapter.52}% 43
\BOOKMARK [0][-]{chapter.111}{\376\377\0004\000\040\000E\000f\000f\000e\000c\000t\000s\000\040\000a\000n\000d\000\040\000e\000q\000u\000a\000l\000i\000s\000e\000r}{}% 44
\BOOKMARK [1][-]{section.112}{\376\377\0004\000.\0001\000\040\000O\000v\000e\000r\000d\000r\000i\000v\000e}{chapter.111}% 45
\BOOKMARK [2][-]{subsection.113}{\376\377\0004\000.\0001\000.\0001\000\040\000O\000v\000e\000r\000d\000r\000i\000v\000e\000\040\000f\000u\000n\000c\000t\000i\000o\000n}{section.112}% 46
\BOOKMARK [3][-]{subsubsection.116}{\376\377\0004\000.\0001\000.\0001\000.\0001\000\040\000I\000n\000f\000l\000u\000e\000n\000c\000e\000\040\000o\000f\000\040\000t\000h\000e\000\040\000o\000v\000e\000r\000d\000r\000i\000v\000e\000\040\000e\000f\000f\000e\000c\000t\000\040\000o\000n\000\040\000t\000h\000e\000\040\000f\000r\000e\000q\000u\000e\000n\000c\000y\000\040\000s\000p\000e\000c\000t\000r\000u\000m}{subsection.113}% 47
\BOOKMARK [3][-]{subsubsection.119}{\376\377\0004\000.\0001\000.\0001\000.\0002\000\040\000S\000y\000m\000m\000e\000t\000r\000i\000c\000a\000l\000\040\000c\000l\000i\000p\000p\000i\000n\000g}{subsection.113}% 48
\BOOKMARK [3][-]{subsubsection.120}{\376\377\0004\000.\0001\000.\0001\000.\0003\000\040\000A\000s\000y\000m\000m\000e\000t\000r\000i\000c\000a\000l\000\040\000c\000l\000i\000p\000p\000i\000n\000g}{subsection.113}% 49
\BOOKMARK [1][-]{section.122}{\376\377\0004\000.\0002\000\040\000E\000q\000u\000a\000l\000i\000s\000e\000r}{chapter.111}% 50
\BOOKMARK [2][-]{subsection.123}{\376\377\0004\000.\0002\000.\0001\000\040\000D\000e\000s\000i\000g\000n\000\040\000o\000f\000\040\000t\000h\000e\000\040\000e\000q\000u\000a\000l\000i\000s\000e\000r}{section.122}% 51
\BOOKMARK [2][-]{subsection.125}{\376\377\0004\000.\0002\000.\0002\000\040\000A\000m\000p\000l\000i\000t\000u\000d\000e\000\040\000r\000e\000s\000p\000o\000n\000s\000e\000\040\000o\000f\000\040\000t\000h\000e\000\040\000F\000I\000R\000\040\000f\000i\000l\000t\000e\000r\000s}{section.122}% 52
\BOOKMARK [2][-]{subsection.129}{\376\377\0004\000.\0002\000.\0003\000\040\000T\000e\000s\000t\000i\000n\000g\000\040\000o\000f\000\040\000t\000h\000e\000\040\000e\000q\000u\000a\000l\000i\000z\000e\000r\000\040\000i\000n\000\040\000M\000A\000T\000L\000A\000B}{section.122}% 53
\BOOKMARK [2][-]{subsection.132}{\376\377\0004\000.\0002\000.\0004\000\040\000P\000r\000o\000b\000l\000e\000m\000s\000\040\000a\000n\000d\000\040\000s\000o\000l\000u\000t\000i\000o\000n\000s}{section.122}% 54
\BOOKMARK [0][-]{chapter.133}{\376\377\0005\000\040\000D\000i\000g\000i\000t\000a\000l\000\040\000S\000i\000g\000n\000a\000l\000\040\000P\000r\000o\000c\000e\000s\000s\000o\000r}{}% 55
\BOOKMARK [1][-]{section.134}{\376\377\0005\000.\0001\000\040\000I\000n\000t\000r\000o\000d\000u\000c\000t\000i\000o\000n}{chapter.133}% 56
\BOOKMARK [2][-]{subsection.135}{\376\377\0005\000.\0001\000.\0001\000\040\000W\000h\000a\000t\000\040\000i\000s\000\040\000d\000i\000g\000i\000t\000a\000l\000\040\000s\000i\000g\000n\000a\000l\000\040\000p\000r\000o\000c\000e\000s\000s\000i\000n\000g\000?}{section.134}% 57
\BOOKMARK [2][-]{subsection.136}{\376\377\0005\000.\0001\000.\0002\000\040\000H\000o\000w\000\040\000a\000r\000e\000\040\000D\000S\000P\000\040\000p\000r\000o\000c\000e\000s\000s\000o\000r\000s\000\040\000u\000s\000e\000d\000?}{section.134}% 58
\BOOKMARK [1][-]{section.138}{\376\377\0005\000.\0002\000\040\000D\000i\000g\000i\000t\000i\000z\000a\000t\000i\000o\000n}{chapter.133}% 59
\BOOKMARK [1][-]{section.140}{\376\377\0005\000.\0003\000\040\000D\000i\000g\000i\000t\000a\000l\000\040\000S\000i\000g\000n\000a\000l\000\040\000P\000r\000o\000c\000e\000s\000s\000o\000r\000s}{chapter.133}% 60
\BOOKMARK [2][-]{subsection.142}{\376\377\0005\000.\0003\000.\0001\000\040\000N\000u\000m\000e\000r\000i\000c\000\040\000a\000r\000c\000h\000i\000t\000e\000c\000t\000u\000r\000e}{section.140}% 61
\BOOKMARK [2][-]{subsection.146}{\376\377\0005\000.\0003\000.\0002\000\040\000M\000e\000m\000o\000r\000y\000\040\000a\000r\000c\000h\000i\000t\000e\000c\000t\000u\000r\000e}{section.140}% 62
\BOOKMARK [2][-]{subsection.148}{\376\377\0005\000.\0003\000.\0003\000\040\000S\000e\000q\000u\000e\000n\000c\000e\000r\000\040\000a\000r\000c\000h\000i\000t\000e\000c\000t\000u\000r\000e}{section.140}% 63
\BOOKMARK [2][-]{subsection.149}{\376\377\0005\000.\0003\000.\0004\000\040\000I\000n\000p\000u\000t\000/\000O\000u\000t\000p\000u\000t\000\040\000a\000r\000c\000h\000i\000t\000e\000c\000t\000u\000r\000e}{section.140}% 64
\BOOKMARK [1][-]{section.150}{\376\377\0005\000.\0004\000\040\000F\000i\000x\000e\000d\000-\000p\000o\000i\000n\000t\000\040\000v\000s\000.\000\040\000f\000l\000o\000a\000t\000i\000n\000g\000-\000p\000o\000i\000n\000t\000\040\000D\000S\000P}{chapter.133}% 65
\BOOKMARK [2][-]{subsection.151}{\376\377\0005\000.\0004\000.\0001\000\040\000A\000d\000v\000a\000n\000t\000a\000g\000e\000s\000\040\000o\000f\000\040\000f\000l\000o\000a\000t\000i\000n\000g\000-\000p\000o\000i\000n\000t\000\040\000d\000i\000g\000i\000t\000a\000l\000\040\000s\000i\000g\000n\000a\000l\000\040\000p\000r\000o\000c\000e\000s\000s\000o\000r\000s}{section.150}% 66
\BOOKMARK [2][-]{subsection.152}{\376\377\0005\000.\0004\000.\0002\000\040\000C\000o\000n\000s\000i\000d\000e\000r\000a\000t\000i\000o\000n\000s}{section.150}% 67
\BOOKMARK [0][-]{chapter.153}{\376\377\0006\000\040\000I\000m\000p\000l\000e\000m\000e\000n\000t\000a\000t\000i\000o\000n\000:\000\040\000C}{}% 68
\BOOKMARK [1][-]{section.154}{\376\377\0006\000.\0001\000\040\000I\000n\000t\000r\000o\000d\000u\000c\000t\000i\000o\000n}{chapter.153}% 69
\BOOKMARK [1][-]{section.155}{\376\377\0006\000.\0002\000\040\000T\000i\000m\000e\000\040\000m\000a\000n\000a\000g\000e\000m\000e\000n\000t}{chapter.153}% 70
\BOOKMARK [2][-]{subsection.156}{\376\377\0006\000.\0002\000.\0001\000\040\000I\000n\000t\000e\000r\000r\000u\000p\000t\000s}{section.155}% 71
\BOOKMARK [2][-]{subsection.157}{\376\377\0006\000.\0002\000.\0002\000\040\000D\000a\000t\000a\000\040\000h\000a\000n\000d\000l\000i\000n\000g}{section.155}% 72
\BOOKMARK [2][-]{subsection.158}{\376\377\0006\000.\0002\000.\0003\000\040\000R\000e\000a\000l\000-\000t\000i\000m\000e\000\040\000i\000n\000t\000e\000r\000f\000a\000c\000e\000\040\000i\000s\000s\000u\000e\000s}{section.155}% 73
\BOOKMARK [1][-]{section.160}{\376\377\0006\000.\0003\000\040\000A\000n\000a\000l\000o\000g\000\040\000D\000e\000v\000i\000c\000e\000s\000\040\000S\000h\000a\000r\000c\000\040\000D\000S\000P\000\040\000B\000o\000a\000r\000d}{chapter.153}% 74
\BOOKMARK [2][-]{subsection.161}{\376\377\0006\000.\0003\000.\0001\000\040\000I\000n\000t\000r\000o\000d\000u\000c\000t\000i\000o\000n}{section.160}% 75
\BOOKMARK [2][-]{subsection.162}{\376\377\0006\000.\0003\000.\0002\000\040\000I\000n\000i\000t\000i\000a\000l\000i\000z\000i\000n\000g\000\040\000c\000o\000m\000m\000u\000n\000i\000c\000a\000t\000i\000o\000n\000\040\000b\000e\000t\000w\000e\000e\000n\000\040\000t\000h\000e\000\040\000D\000S\000P\000\040\000a\000n\000d\000\040\000t\000h\000e\000\040\000a\000u\000d\000i\000o\000\040\000j\000a\000c\000k}{section.160}% 76
\BOOKMARK [3][-]{subsubsection.163}{\376\377\0006\000.\0003\000.\0002\000.\0001\000\040\000D\000i\000g\000i\000t\000a\000l\000\040\000A\000p\000p\000l\000i\000c\000a\000t\000i\000o\000n\000s\000\040\000I\000n\000t\000e\000r\000f\000a\000c\000e\000\040\000\050\000D\000A\000I\000\051}{subsection.162}% 77
\BOOKMARK [3][-]{subsubsection.166}{\376\377\0006\000.\0003\000.\0002\000.\0002\000\040\000S\000i\000g\000n\000a\000l\000\040\000R\000o\000u\000t\000i\000n\000g\000\040\000U\000n\000i\000t\000\040\000\050\000S\000R\000C\000\051}{subsection.162}% 78
\BOOKMARK [3][-]{subsubsection.168}{\376\377\0006\000.\0003\000.\0002\000.\0003\000\040\000A\000D\0001\0008\0003\0005\000A}{subsection.162}% 79
\BOOKMARK [3][-]{subsubsection.172}{\376\377\0006\000.\0003\000.\0002\000.\0004\000\040\000S\000P\000O\000R\000T}{subsection.162}% 80
\BOOKMARK [1][-]{section.176}{\376\377\0006\000.\0004\000\040\000T\000h\000e\000\040\000D\000S\000P\000\040\000S\000y\000n\000t\000h\000e\000s\000i\000z\000e\000r\000\040\000p\000r\000o\000g\000r\000a\000m}{chapter.153}% 81
\BOOKMARK [2][-]{subsection.177}{\376\377\0006\000.\0004\000.\0001\000\040\000P\000r\000o\000g\000r\000a\000m\000\040\000e\000x\000e\000c\000u\000t\000i\000o\000n}{section.176}% 82
\BOOKMARK [3][-]{subsubsection.179}{\376\377\0006\000.\0004\000.\0001\000.\0001\000\040\000N\000o\000t\000-\000r\000e\000a\000l\000t\000i\000m\000e}{subsection.177}% 83
\BOOKMARK [3][-]{subsubsection.180}{\376\377\0006\000.\0004\000.\0001\000.\0002\000\040\000R\000e\000a\000l\000t\000i\000m\000e\000:\000\040\000l\000e\000t\000'\000s\000\040\000p\000l\000a\000y}{subsection.177}% 84
\BOOKMARK [2][-]{subsection.181}{\376\377\0006\000.\0004\000.\0002\000\040\000K\000e\000y\000\040\000f\000u\000n\000c\000t\000i\000o\000n\000s}{section.176}% 85
\BOOKMARK [0][-]{chapter.182}{\376\377\0007\000\040\000C\000o\000m\000m\000u\000n\000i\000c\000a\000t\000i\000o\000n\000\040\000w\000i\000t\000h\000\040\000L\000a\000b\000V\000I\000E\000W\000\040\000U\000s\000e\000r\000\040\000I\000n\000t\000e\000r\000f\000a\000c\000e\000\040\000u\000s\000i\000n\000g\000\040\000U\000A\000R\000T\000\040\000P\000o\000r\000t\000\040\000C\000o\000n\000t\000r\000o\000l\000l\000e\000r}{}% 86
\BOOKMARK [1][-]{section.183}{\376\377\0007\000.\0001\000\040\000I\000n\000t\000r\000o\000d\000u\000c\000t\000i\000o\000n}{chapter.182}% 87
\BOOKMARK [1][-]{section.184}{\376\377\0007\000.\0002\000\040\000U\000A\000R\000T\000\040\000d\000a\000t\000a\000\040\000f\000r\000a\000m\000e}{chapter.182}% 88
\BOOKMARK [1][-]{section.186}{\376\377\0007\000.\0003\000\040\000U\000A\000R\000T\000\040\000e\000x\000t\000e\000r\000n\000a\000l\000\040\000i\000n\000t\000e\000r\000f\000a\000c\000e}{chapter.182}% 89
\BOOKMARK [1][-]{section.189}{\376\377\0007\000.\0004\000\040\000U\000A\000R\000T\000\040\000c\000o\000n\000f\000i\000g\000u\000r\000a\000t\000i\000o\000n\000\040\000i\000n\000\040\000D\000S\000P\000\040\000P\000r\000o\000c\000e\000s\000s\000o\000r\000\040\000f\000o\000r\000\040\000c\000o\000m\000m\000u\000n\000i\000c\000a\000t\000i\000o\000n}{chapter.182}% 90
\BOOKMARK [1][-]{section.195}{\376\377\0007\000.\0005\000\040\000P\000r\000o\000g\000r\000a\000m\000m\000i\000n\000g\000\040\000f\000o\000r\000\040\000c\000o\000m\000m\000u\000n\000i\000c\000a\000t\000i\000o\000n\000\040\000b\000e\000t\000w\000e\000e\000n\000\040\000D\000S\000P\000\040\000P\000r\000o\000c\000e\000s\000s\000o\000r\000\040\000a\000n\000d\000\040\000L\000a\000b\000V\000I\000E\000W\000\040\000U\000s\000e\000r\000\040\000I\000n\000t\000e\000r\000f\000a\000c\000e}{chapter.182}% 91
\BOOKMARK [2][-]{subsection.196}{\376\377\0007\000.\0005\000.\0001\000\040\000L\000a\000b\000V\000I\000E\000W\000\040\000p\000r\000o\000g\000r\000a\000m\000\040\000f\000o\000r\000\040\000w\000r\000i\000t\000i\000n\000g\000\040\000d\000a\000t\000a}{section.195}% 92
\BOOKMARK [2][-]{subsection.204}{\376\377\0007\000.\0005\000.\0002\000\040\000U\000A\000R\000T\000\040\000I\000n\000t\000e\000r\000r\000u\000p\000t}{section.195}% 93
\BOOKMARK [2][-]{subsection.206}{\376\377\0007\000.\0005\000.\0003\000\040\000T\000h\000e\000\040\000F\000M\000\040\000s\000y\000n\000t\000h\000e\000s\000i\000z\000e\000r\000\040\000a\000p\000p\000l\000i\000c\000a\000t\000i\000o\000n}{section.195}% 94
\BOOKMARK [1][-]{section.210}{\376\377\0007\000.\0006\000\040\000C\000o\000n\000c\000l\000u\000s\000i\000o\000n}{chapter.182}% 95
\BOOKMARK [0][-]{chapter.211}{\376\377\0008\000\040\000C\000r\000i\000t\000i\000c\000a\000l\000\040\000r\000e\000f\000l\000e\000c\000t\000i\000o\000n\000s}{}% 96
\BOOKMARK [1][-]{section.212}{\376\377\0008\000.\0001\000\040\000I\000m\000p\000l\000e\000m\000e\000n\000t\000a\000t\000i\000o\000n\000\040\000p\000r\000o\000b\000l\000e\000m\000s}{chapter.211}% 97
\BOOKMARK [2][-]{subsection.213}{\376\377\0008\000.\0001\000.\0001\000\040\000C\000o\000m\000m\000u\000n\000i\000c\000a\000t\000i\000o\000n\000\040\000w\000i\000t\000h\000\040\000t\000h\000e\000\040\000L\000a\000b\000v\000i\000e\000w\000\040\000i\000n\000t\000e\000r\000f\000a\000c\000e}{section.212}% 98
\BOOKMARK [2][-]{subsection.214}{\376\377\0008\000.\0001\000.\0002\000\040\000C\000o\000m\000b\000i\000n\000i\000n\000g\000\040\000d\000i\000f\000f\000e\000r\000e\000n\000t\000\040\000p\000r\000o\000g\000r\000a\000m\000\040\000p\000a\000r\000t\000s\000\040\000a\000n\000d\000\040\000g\000e\000n\000e\000r\000a\000l\000\040\000p\000r\000o\000g\000r\000a\000m\000m\000i\000n\000g\000\040\000i\000s\000s\000u\000e\000s}{section.212}% 99
\BOOKMARK [2][-]{subsection.215}{\376\377\0008\000.\0001\000.\0003\000\040\000C\000o\000n\000n\000e\000c\000t\000i\000n\000g\000\040\000t\000h\000e\000\040\000D\000S\000P\000\040\000b\000o\000a\000r\000d\000\040\000a\000n\000d\000\040\000u\000s\000e\000\040\000o\000f\000\040\000t\000h\000e\000\040\000I\000D\000E\000s}{section.212}% 100
\BOOKMARK [2][-]{subsection.216}{\376\377\0008\000.\0001\000.\0004\000\040\000E\000x\000t\000r\000e\000m\000e\000\040\000p\000r\000o\000g\000r\000a\000m\000m\000i\000n\000g}{section.212}% 101
\BOOKMARK [2][-]{subsection.217}{\376\377\0008\000.\0001\000.\0005\000\040\000L\000a\000t\000e\000x}{section.212}% 102
\BOOKMARK [1][-]{section.218}{\376\377\0008\000.\0002\000\040\000T\000e\000a\000m\000\040\000p\000r\000o\000b\000l\000e\000m\000s}{chapter.211}% 103
\BOOKMARK [1][-]{section.219}{\376\377\0008\000.\0003\000\040\000A\000c\000h\000i\000e\000v\000e\000d\000\040\000a\000c\000t\000i\000v\000i\000t\000i\000e\000s}{chapter.211}% 104
\BOOKMARK [1][-]{section.222}{\376\377\0008\000.\0004\000\040\000F\000u\000t\000u\000r\000e\000\040\000w\000o\000r\000k}{chapter.211}% 105
\BOOKMARK [0][-]{section.222}{\376\377\000B\000i\000b\000l\000i\000o\000g\000r\000a\000p\000h\000y}{}% 106
\BOOKMARK [0][-]{appendix.224}{\376\377\000A\000\040\000B\000e\000s\000s\000e\000l\000\040\000f\000u\000n\000c\000t\000i\000o\000n\000s\000\040\000a\000n\000d\000\040\000s\000p\000e\000c\000t\000r\000u\000m\000\040\000e\000x\000a\000m\000p\000l\000e\000s}{}% 107
\BOOKMARK [1][-]{section.225}{\376\377\000A\000.\0001\000\040\000M\000o\000d\000u\000l\000a\000t\000i\000o\000n\000\040\000i\000n\000d\000e\000x\000\040\000I\000\040\000=\000\040\0000}{appendix.224}% 108
\BOOKMARK [1][-]{section.229}{\376\377\000A\000.\0002\000\040\000M\000o\000d\000u\000l\000a\000t\000i\000o\000n\000\040\000i\000n\000d\000e\000x\000\040\000I\000\040\000=\000\040\0001}{appendix.224}% 109
